Start testing: Feb 03 09:52 CET
----------------------------------------------------------
1/24 Testing: ctest_build_all
1/24 Test: ctest_build_all
Command: "/usr/bin/cmake" "--build" "/home/robbr48/h/Dependencies/FMILibrary-2.0.1/build-fmil" "--config" "Debug"
Directory: /home/robbr48/h/Dependencies/FMILibrary-2.0.1/build-fmil
"ctest_build_all" start time: Feb 03 09:52 CET
Output:
----------------------------------------------------------
[  1%] Built target fmu2_dll_cs
[ 12%] Built target zlib
[ 15%] Built target minizip
[ 16%] Built target c99snprintf
[ 22%] Built target jmutils
[ 23%] Built target fmizip
[ 24%] Built target compress_test_fmu_zip
[ 24%] Built target BouncingBall2_cs_FMU
[ 25%] Built target BouncingBall2_malformed_mf_FMU
[ 26%] Built target fmu2_dll_me
[ 27%] Built target BouncingBall2_me_FMU
[ 28%] Built target fmu1_dll_cs
[ 28%] Built target BouncingBall_cs_FMU
[ 29%] Built target BouncingBall_cs_tc_FMU
[ 29%] Built target fmu1_dll_me
[ 30%] Built target BouncingBall_malformed_mf_FMU
[ 30%] Built target BouncingBall_me_FMU
[ 36%] Built target expatex
[ 40%] Built target fmicapi
[ 41%] Built target fmi1_capi_cs_test
[ 42%] Built target fmi1_capi_me_test
[ 53%] Built target fmixml
[ 72%] Built target fmilib_shared
[ 72%] Built target fmi1_logger_test
[ 73%] Built target fmi2_import_cs_test
[ 74%] Built target fmi2_import_me_test
[ 75%] Built target fmi2_import_xml_test
[ 75%] Built target fmi_import_cs_test
[ 76%] Built target fmi_import_me_test
[ 78%] Built target fmi_import_test
[ 79%] Built target fmi_import_xml_test
[ 79%] Built target fmi_zip_unzip_test
[ 80%] Built target fmi_zip_zip_test
[ 93%] Built target fmiimport
[100%] Built target fmilib
[100%] Built target jm_vector_test
<end of output>
Test time =   1.08 sec
----------------------------------------------------------
Test Passed.
"ctest_build_all" end time: Feb 03 09:52 CET
"ctest_build_all" time elapsed: 00:00:01
----------------------------------------------------------

2/24 Testing: ctest_fmi_zip_unzip_test
2/24 Test: ctest_fmi_zip_unzip_test
Command: "/home/robbr48/h/Dependencies/FMILibrary-2.0.1/build-fmil/fmi_zip_unzip_test"
Directory: /home/robbr48/h/Dependencies/FMILibrary-2.0.1/build-fmil
"ctest_fmi_zip_unzip_test" start time: Feb 03 09:52 CET
Output:
----------------------------------------------------------
module = FMIZIP, log level = 5: Unpacking FMU into /home/robbr48/h/Dependencies/FMILibrary-2.0.1/build-fmil/Testing
Succesfully uncompressed the file
Press any key to exit
<end of output>
Test time =   0.00 sec
----------------------------------------------------------
Test Passed.
"ctest_fmi_zip_unzip_test" end time: Feb 03 09:52 CET
"ctest_fmi_zip_unzip_test" time elapsed: 00:00:00
----------------------------------------------------------

3/24 Testing: ctest_fmi_zip_zip_test
3/24 Test: ctest_fmi_zip_zip_test
Command: "/home/robbr48/h/Dependencies/FMILibrary-2.0.1/build-fmil/fmi_zip_zip_test"
Directory: /home/robbr48/h/Dependencies/FMILibrary-2.0.1/build-fmil
"ctest_fmi_zip_zip_test" start time: Feb 03 09:52 CET
Output:
----------------------------------------------------------
module = FMIZIP, log level = 4: Will compress following files: 

module = FMIZIP, log level = 4: 	/home/robbr48/h/Dependencies/FMILibrary-2.0.1/Test/try_to_compress_this_file.xml

Succesfully compressed the file
Press any key to exit
<end of output>
Test time =   0.00 sec
----------------------------------------------------------
Test Passed.
"ctest_fmi_zip_zip_test" end time: Feb 03 09:52 CET
"ctest_fmi_zip_zip_test" time elapsed: 00:00:00
----------------------------------------------------------

4/24 Testing: ctest_fmi_import_me_test
4/24 Test: ctest_fmi_import_me_test
Command: "/home/robbr48/h/Dependencies/FMILibrary-2.0.1/build-fmil/fmi_import_me_test" "/home/robbr48/h/Dependencies/FMILibrary-2.0.1/build-fmil/Testing/BouncingBall_me.fmu" "/home/robbr48/h/Dependencies/FMILibrary-2.0.1/build-fmil/Testing/tempfolder"
Directory: /home/robbr48/h/Dependencies/FMILibrary-2.0.1/build-fmil
"ctest_fmi_import_me_test" start time: Feb 03 09:52 CET
Output:
----------------------------------------------------------
[VERBOSE][FMILIB] Allocating FMIL context
[VERBOSE][FMILIB] Detecting FMI standard version
[VERBOSE][FMIZIP] Unpacking FMU into /home/robbr48/h/Dependencies/FMILibrary-2.0.1/build-fmil/Testing/tempfolder
[VERBOSE][FMIXML] Parsing XML to detect FMI standard version
[VERBOSE][FMIXML] XML specifies FMI 1.0
[INFO][FMILIB] XML specifies FMI standard version 1.0
[VERBOSE][FMILIB] Parsing model description XML
[VERBOSE][FMI1XML] Parsing XML element fmiModelDescription
[VERBOSE][FMI1XML] Parsing XML element TypeDefinitions
[VERBOSE][FMI1XML] Parsing XML element ModelVariables
[ERROR][FMI1XML] [Line:20] XML element 'RealType' cannot be placed inside 'ScalarVariable', skipping
[ERROR][FMI1XML] [Line:20] XML element 'Integer' cannot be placed after element 'Real', skipping
[ERROR][FMI1XML] DirectDependency XML element cannot be defined for 'HIGHT_SPEED_ALIAS' since causality is not output. Skipping.
[WARNING][FMI1XML] [Line:26] Skipping nested XML element 'Name'
[VERBOSE][FMI1XML] Checking alias information
[ERROR][FMI1XML] Variables HIGHT_SPEED and HIGHT_SPEED_ALIAS reference the same vr 1. Marking 'HIGHT_SPEED_ALIAS' as alias.
[VERBOSE][FMI1XML] Setting up direct dependencies cross-references
[ERROR][FMI1XML] [Line:44] Multiple instances of XML element 'ModelVariables' are not allowed, skipping
[WARNING][FMI1XML] [Line:45] Skipping nested XML element 'ScalarVariable'
[WARNING][FMI1XML] [Line:46] Skipping nested XML element 'Boolean'
[VERBOSE][FMILIB] Parsing finished successfully
[INFO][FMILIB] Loading 'linux64' binary with 'standard32' platform types
[VERBOSE][FMICAPI] Loaded FMU binary from /home/robbr48/h/Dependencies/FMILibrary-2.0.1/build-fmil/Testing/tempfolder/binaries/linux64/BouncingBall.so
[VERBOSE][FMICAPI] Loading functions for the model exchange interface
[VERBOSE][FMILIB] Successfully loaded all the interface functions
[VERBOSE][FMICAPI] Calling fmiGetModelTypesPlatform
[VERBOSE][FMICAPI] Calling fmiInstantiateModel
[VERBOSE][FMICAPI] Calling fmiInitialize
[INFO][Test ME model instance] [INFO][FMU status:OK] ### Initializing component ###
[INFO][Test ME model instance] [INFO][FMU status:OK] Init HIGHT=1
[INFO][Test ME model instance] [INFO][FMU status:OK] Init HIGHT_SPEED=4
[INFO][Test ME model instance] [INFO][FMU status:OK] Init GRAVITY=-9.81
[INFO][Test ME model instance] [INFO][FMU status:OK] Init BOUNCE_COF=0.5
[WARNING][LOGGER] Expected value reference in log message here: '[ERROR][FMU status:OK] Bad reference: '
[INFO][Test ME model instance] [ERROR][FMU status:OK] Bad reference: #r-1#
[WARNING][LOGGER] Expected terminating '#' in log message here: '[ERROR][FMU status:OK] Bad reference: 1'
[INFO][Test ME model instance] [ERROR][FMU status:OK] Bad reference: #r1
[WARNING][LOGGER] Expected type specification character 'r', 'i', 'b' or 's' in log message here: '[ERROR][FMU status:OK] Bad reference: '
[INFO][Test ME model instance] [ERROR][FMU status:OK] Bad reference: #t1#
[WARNING][LOGGER] Could not find variable referenced in log message here: '[ERROR][FMU status:OK] Bad reference: 10'
[INFO][Test ME model instance] [ERROR][FMU status:OK] Bad reference: #r10#
[VERBOSE][FMICAPI] Calling fmiFreeModelInstance
[VERBOSE][FMILIB] Allocating FMIL context
[VERBOSE][FMILIB] Parsing model description XML
[VERBOSE][FMI1XML] Parsing XML element fmiModelDescription
[VERBOSE][FMI1XML] Parsing XML element TypeDefinitions
[VERBOSE][FMI1XML] Parsing XML element ModelVariables
[ERROR][FMI1XML] [Line:20] XML element 'RealType' cannot be placed inside 'ScalarVariable', skipping
[ERROR][FMI1XML] [Line:20] XML element 'Integer' cannot be placed after element 'Real', skipping
[ERROR][FMI1XML] DirectDependency XML element cannot be defined for 'HIGHT_SPEED_ALIAS' since causality is not output. Skipping.
[WARNING][FMI1XML] [Line:26] Skipping nested XML element 'Name'
[VERBOSE][FMI1XML] Checking alias information
[ERROR][FMI1XML] Variables HIGHT_SPEED and HIGHT_SPEED_ALIAS reference the same vr 1. Marking 'HIGHT_SPEED_ALIAS' as alias.
[VERBOSE][FMI1XML] Setting up direct dependencies cross-references
[ERROR][FMI1XML] [Line:44] Multiple instances of XML element 'ModelVariables' are not allowed, skipping
[WARNING][FMI1XML] [Line:45] Skipping nested XML element 'ScalarVariable'
[WARNING][FMI1XML] [Line:46] Skipping nested XML element 'Boolean'
[VERBOSE][FMILIB] Parsing finished successfully
[INFO][FMILIB] Loading 'linux64' binary with 'standard32' platform types
[VERBOSE][FMICAPI] Loaded FMU binary from /home/robbr48/h/Dependencies/FMILibrary-2.0.1/build-fmil/Testing/tempfolder/binaries/linux64/BouncingBall.so
[VERBOSE][FMICAPI] Loading functions for the model exchange interface
[VERBOSE][FMILIB] Successfully loaded all the interface functions
[VERBOSE][FMICAPI] Calling fmiGetModelTypesPlatform
[VERBOSE][FMICAPI] Calling fmiInstantiateModel
[VERBOSE][FMICAPI] Calling fmiInitialize
[INFO][Test ME model instance] [INFO][FMU status:OK] ### Initializing component ###
[INFO][Test ME model instance] [INFO][FMU status:OK] Init HIGHT=1
[INFO][Test ME model instance] [INFO][FMU status:OK] Init HIGHT_SPEED=4
[INFO][Test ME model instance] [INFO][FMU status:OK] Init GRAVITY=-9.81
[INFO][Test ME model instance] [INFO][FMU status:OK] Init BOUNCE_COF=0.5
[WARNING][LOGGER] Expected value reference in log message here: '[ERROR][FMU status:OK] Bad reference: '
[INFO][Test ME model instance] [ERROR][FMU status:OK] Bad reference: #r-1#
[WARNING][LOGGER] Expected terminating '#' in log message here: '[ERROR][FMU status:OK] Bad reference: 1'
[INFO][Test ME model instance] [ERROR][FMU status:OK] Bad reference: #r1
[WARNING][LOGGER] Expected type specification character 'r', 'i', 'b' or 's' in log message here: '[ERROR][FMU status:OK] Bad reference: '
[INFO][Test ME model instance] [ERROR][FMU status:OK] Bad reference: #t1#
[WARNING][LOGGER] Could not find variable referenced in log message here: '[ERROR][FMU status:OK] Bad reference: 10'
[INFO][Test ME model instance] [ERROR][FMU status:OK] Bad reference: #r10#
[VERBOSE][FMICAPI] Calling fmiFreeModelInstance
[VERBOSE][FMILIB] Allocating FMIL context
[VERBOSE][FMILIB] Parsing model description XML
[VERBOSE][FMI1XML] Parsing XML element fmiModelDescription
[VERBOSE][FMI1XML] Parsing XML element TypeDefinitions
[VERBOSE][FMI1XML] Parsing XML element ModelVariables
[ERROR][FMI1XML] [Line:20] XML element 'RealType' cannot be placed inside 'ScalarVariable', skipping
[ERROR][FMI1XML] [Line:20] XML element 'Integer' cannot be placed after element 'Real', skipping
[ERROR][FMI1XML] DirectDependency XML element cannot be defined for 'HIGHT_SPEED_ALIAS' since causality is not output. Skipping.
[WARNING][FMI1XML] [Line:26] Skipping nested XML element 'Name'
[VERBOSE][FMI1XML] Checking alias information
[ERROR][FMI1XML] Variables HIGHT_SPEED and HIGHT_SPEED_ALIAS reference the same vr 1. Marking 'HIGHT_SPEED_ALIAS' as alias.
[VERBOSE][FMI1XML] Setting up direct dependencies cross-references
[ERROR][FMI1XML] [Line:44] Multiple instances of XML element 'ModelVariables' are not allowed, skipping
[WARNING][FMI1XML] [Line:45] Skipping nested XML element 'ScalarVariable'
[WARNING][FMI1XML] [Line:46] Skipping nested XML element 'Boolean'
[VERBOSE][FMILIB] Parsing finished successfully
[INFO][FMILIB] Loading 'linux64' binary with 'standard32' platform types
[VERBOSE][FMICAPI] Loaded FMU binary from /home/robbr48/h/Dependencies/FMILibrary-2.0.1/build-fmil/Testing/tempfolder/binaries/linux64/BouncingBall.so
[VERBOSE][FMICAPI] Loading functions for the model exchange interface
[VERBOSE][FMILIB] Successfully loaded all the interface functions
[VERBOSE][FMICAPI] Calling fmiGetModelTypesPlatform
[VERBOSE][FMICAPI] Calling fmiInstantiateModel
[VERBOSE][FMICAPI] Calling fmiInitialize
[INFO][Test ME model instance] [INFO][FMU status:OK] ### Initializing component ###
[INFO][Test ME model instance] [INFO][FMU status:OK] Init HIGHT=1
[INFO][Test ME model instance] [INFO][FMU status:OK] Init HIGHT_SPEED=4
[INFO][Test ME model instance] [INFO][FMU status:OK] Init GRAVITY=-9.81
[INFO][Test ME model instance] [INFO][FMU status:OK] Init BOUNCE_COF=0.5
[WARNING][LOGGER] Expected value reference in log message here: '[ERROR][FMU status:OK] Bad reference: '
[INFO][Test ME model instance] [ERROR][FMU status:OK] Bad reference: #r-1#
[WARNING][LOGGER] Expected terminating '#' in log message here: '[ERROR][FMU status:OK] Bad reference: 1'
[INFO][Test ME model instance] [ERROR][FMU status:OK] Bad reference: #r1
[WARNING][LOGGER] Expected type specification character 'r', 'i', 'b' or 's' in log message here: '[ERROR][FMU status:OK] Bad reference: '
[INFO][Test ME model instance] [ERROR][FMU status:OK] Bad reference: #t1#
[WARNING][LOGGER] Could not find variable referenced in log message here: '[ERROR][FMU status:OK] Bad reference: 10'
[INFO][Test ME model instance] [ERROR][FMU status:OK] Bad reference: #r10#
[VERBOSE][FMICAPI] Calling fmiFreeModelInstance
[VERBOSE][FMILIB] Allocating FMIL context
[VERBOSE][FMILIB] Parsing model description XML
[VERBOSE][FMI1XML] Parsing XML element fmiModelDescription
[VERBOSE][FMI1XML] Parsing XML element TypeDefinitions
[VERBOSE][FMI1XML] Parsing XML element ModelVariables
[ERROR][FMI1XML] [Line:20] XML element 'RealType' cannot be placed inside 'ScalarVariable', skipping
[ERROR][FMI1XML] [Line:20] XML element 'Integer' cannot be placed after element 'Real', skipping
[ERROR][FMI1XML] DirectDependency XML element cannot be defined for 'HIGHT_SPEED_ALIAS' since causality is not output. Skipping.
[WARNING][FMI1XML] [Line:26] Skipping nested XML element 'Name'
[VERBOSE][FMI1XML] Checking alias information
[ERROR][FMI1XML] Variables HIGHT_SPEED and HIGHT_SPEED_ALIAS reference the same vr 1. Marking 'HIGHT_SPEED_ALIAS' as alias.
[VERBOSE][FMI1XML] Setting up direct dependencies cross-references
[ERROR][FMI1XML] [Line:44] Multiple instances of XML element 'ModelVariables' are not allowed, skipping
[WARNING][FMI1XML] [Line:45] Skipping nested XML element 'ScalarVariable'
[WARNING][FMI1XML] [Line:46] Skipping nested XML element 'Boolean'
[VERBOSE][FMILIB] Parsing finished successfully
[INFO][FMILIB] Loading 'linux64' binary with 'standard32' platform types
[VERBOSE][FMICAPI] Loaded FMU binary from /home/robbr48/h/Dependencies/FMILibrary-2.0.1/build-fmil/Testing/tempfolder/binaries/linux64/BouncingBall.so
[VERBOSE][FMICAPI] Loading functions for the model exchange interface
[VERBOSE][FMILIB] Successfully loaded all the interface functions
[VERBOSE][FMICAPI] Calling fmiGetModelTypesPlatform
[VERBOSE][FMICAPI] Calling fmiInstantiateModel
[VERBOSE][FMICAPI] Calling fmiInitialize
[INFO][Test ME model instance] [INFO][FMU status:OK] ### Initializing component ###
[INFO][Test ME model instance] [INFO][FMU status:OK] Init HIGHT=1
[INFO][Test ME model instance] [INFO][FMU status:OK] Init HIGHT_SPEED=4
[INFO][Test ME model instance] [INFO][FMU status:OK] Init GRAVITY=-9.81
[INFO][Test ME model instance] [INFO][FMU status:OK] Init BOUNCE_COF=0.5
[WARNING][LOGGER] Expected value reference in log message here: '[ERROR][FMU status:OK] Bad reference: '
[INFO][Test ME model instance] [ERROR][FMU status:OK] Bad reference: #r-1#
[WARNING][LOGGER] Expected terminating '#' in log message here: '[ERROR][FMU status:OK] Bad reference: 1'
[INFO][Test ME model instance] [ERROR][FMU status:OK] Bad reference: #r1
[WARNING][LOGGER] Expected type specification character 'r', 'i', 'b' or 's' in log message here: '[ERROR][FMU status:OK] Bad reference: '
[INFO][Test ME model instance] [ERROR][FMU status:OK] Bad reference: #t1#
[WARNING][LOGGER] Could not find variable referenced in log message here: '[ERROR][FMU status:OK] Bad reference: 10'
[INFO][Test ME model instance] [ERROR][FMU status:OK] Bad reference: #r10#
[VERBOSE][FMICAPI] Calling fmiFreeModelInstance
[VERBOSE][FMILIB] Allocating FMIL context
[VERBOSE][FMILIB] Parsing model description XML
[VERBOSE][FMI1XML] Parsing XML element fmiModelDescription
[VERBOSE][FMI1XML] Parsing XML element TypeDefinitions
[VERBOSE][FMI1XML] Parsing XML element ModelVariables
[ERROR][FMI1XML] [Line:20] XML element 'RealType' cannot be placed inside 'ScalarVariable', skipping
[ERROR][FMI1XML] [Line:20] XML element 'Integer' cannot be placed after element 'Real', skipping
[ERROR][FMI1XML] DirectDependency XML element cannot be defined for 'HIGHT_SPEED_ALIAS' since causality is not output. Skipping.
[WARNING][FMI1XML] [Line:26] Skipping nested XML element 'Name'
[VERBOSE][FMI1XML] Checking alias information
[ERROR][FMI1XML] Variables HIGHT_SPEED and HIGHT_SPEED_ALIAS reference the same vr 1. Marking 'HIGHT_SPEED_ALIAS' as alias.
[VERBOSE][FMI1XML] Setting up direct dependencies cross-references
[ERROR][FMI1XML] [Line:44] Multiple instances of XML element 'ModelVariables' are not allowed, skipping
[WARNING][FMI1XML] [Line:45] Skipping nested XML element 'ScalarVariable'
[WARNING][FMI1XML] [Line:46] Skipping nested XML element 'Boolean'
[VERBOSE][FMILIB] Parsing finished successfully
[INFO][FMILIB] Loading 'linux64' binary with 'standard32' platform types
[VERBOSE][FMICAPI] Loaded FMU binary from /home/robbr48/h/Dependencies/FMILibrary-2.0.1/build-fmil/Testing/tempfolder/binaries/linux64/BouncingBall.so
[VERBOSE][FMICAPI] Loading functions for the model exchange interface
[VERBOSE][FMILIB] Successfully loaded all the interface functions
[VERBOSE][FMICAPI] Calling fmiGetModelTypesPlatform
[VERBOSE][FMICAPI] Calling fmiInstantiateModel
[VERBOSE][FMICAPI] Calling fmiInitialize
[INFO][Test ME model instance] [INFO][FMU status:OK] ### Initializing component ###
[INFO][Test ME model instance] [INFO][FMU status:OK] Init HIGHT=1
[INFO][Test ME model instance] [INFO][FMU status:OK] Init HIGHT_SPEED=4
[INFO][Test ME model instance] [INFO][FMU status:OK] Init GRAVITY=-9.81
[INFO][Test ME model instance] [INFO][FMU status:OK] Init BOUNCE_COF=0.5
[WARNING][LOGGER] Expected value reference in log message here: '[ERROR][FMU status:OK] Bad reference: '
[INFO][Test ME model instance] [ERROR][FMU status:OK] Bad reference: #r-1#
[WARNING][LOGGER] Expected terminating '#' in log message here: '[ERROR][FMU status:OK] Bad reference: 1'
[INFO][Test ME model instance] [ERROR][FMU status:OK] Bad reference: #r1
[WARNING][LOGGER] Expected type specification character 'r', 'i', 'b' or 's' in log message here: '[ERROR][FMU status:OK] Bad reference: '
[INFO][Test ME model instance] [ERROR][FMU status:OK] Bad reference: #t1#
[WARNING][LOGGER] Could not find variable referenced in log message here: '[ERROR][FMU status:OK] Bad reference: 10'
[INFO][Test ME model instance] [ERROR][FMU status:OK] Bad reference: #r10#
[VERBOSE][FMICAPI] Calling fmiFreeModelInstance
[VERBOSE][FMILIB] Allocating FMIL context
[VERBOSE][FMILIB] Parsing model description XML
[VERBOSE][FMI1XML] Parsing XML element fmiModelDescription
[VERBOSE][FMI1XML] Parsing XML element TypeDefinitions
[VERBOSE][FMI1XML] Parsing XML element ModelVariables
[ERROR][FMI1XML] [Line:20] XML element 'RealType' cannot be placed inside 'ScalarVariable', skipping
[ERROR][FMI1XML] [Line:20] XML element 'Integer' cannot be placed after element 'Real', skipping
[ERROR][FMI1XML] DirectDependency XML element cannot be defined for 'HIGHT_SPEED_ALIAS' since causality is not output. Skipping.
[WARNING][FMI1XML] [Line:26] Skipping nested XML element 'Name'
[VERBOSE][FMI1XML] Checking alias information
[ERROR][FMI1XML] Variables HIGHT_SPEED and HIGHT_SPEED_ALIAS reference the same vr 1. Marking 'HIGHT_SPEED_ALIAS' as alias.
[VERBOSE][FMI1XML] Setting up direct dependencies cross-references
[ERROR][FMI1XML] [Line:44] Multiple instances of XML element 'ModelVariables' are not allowed, skipping
[WARNING][FMI1XML] [Line:45] Skipping nested XML element 'ScalarVariable'
[WARNING][FMI1XML] [Line:46] Skipping nested XML element 'Boolean'
[VERBOSE][FMILIB] Parsing finished successfully
[INFO][FMILIB] Loading 'linux64' binary with 'standard32' platform types
[VERBOSE][FMICAPI] Loaded FMU binary from /home/robbr48/h/Dependencies/FMILibrary-2.0.1/build-fmil/Testing/tempfolder/binaries/linux64/BouncingBall.so
[VERBOSE][FMICAPI] Loading functions for the model exchange interface
[VERBOSE][FMILIB] Successfully loaded all the interface functions
[VERBOSE][FMICAPI] Calling fmiGetModelTypesPlatform
[VERBOSE][FMICAPI] Calling fmiInstantiateModel
[VERBOSE][FMICAPI] Calling fmiInitialize
[INFO][Test ME model instance] [INFO][FMU status:OK] ### Initializing component ###
[INFO][Test ME model instance] [INFO][FMU status:OK] Init HIGHT=1
[INFO][Test ME model instance] [INFO][FMU status:OK] Init HIGHT_SPEED=4
[INFO][Test ME model instance] [INFO][FMU status:OK] Init GRAVITY=-9.81
[INFO][Test ME model instance] [INFO][FMU status:OK] Init BOUNCE_COF=0.5
[WARNING][LOGGER] Expected value reference in log message here: '[ERROR][FMU status:OK] Bad reference: '
[INFO][Test ME model instance] [ERROR][FMU status:OK] Bad reference: #r-1#
[WARNING][LOGGER] Expected terminating '#' in log message here: '[ERROR][FMU status:OK] Bad reference: 1'
[INFO][Test ME model instance] [ERROR][FMU status:OK] Bad reference: #r1
[WARNING][LOGGER] Expected type specification character 'r', 'i', 'b' or 's' in log message here: '[ERROR][FMU status:OK] Bad reference: '
[INFO][Test ME model instance] [ERROR][FMU status:OK] Bad reference: #t1#
[WARNING][LOGGER] Could not find variable referenced in log message here: '[ERROR][FMU status:OK] Bad reference: 10'
[INFO][Test ME model instance] [ERROR][FMU status:OK] Bad reference: #r10#
Version returned from FMU:   1.0
Platform type returned:      standard32
fmi1_import_set_debug_logging:  OK
Ball hight state[0] = 1.400000
Ball hight state[0] = 1.701900
Ball hight state[0] = 1.905700
Ball hight state[0] = 2.011400
Ball hight state[0] = 2.019000
Ball hight state[0] = 1.928500
Ball hight state[0] = 1.739900
Ball hight state[0] = 1.453200
Ball hight state[0] = 1.068400
Ball hight state[0] = 0.585500
Ball hight state[0] = 0.004500
Ball hight state[0] = -0.674600
Ball hight state[0] = 0.388600
Ball hight state[0] = 0.679100
Ball hight state[0] = 0.871500
Ball hight state[0] = 0.965800
Ball hight state[0] = 0.962000
Ball hight state[0] = 0.860100
Ball hight state[0] = 0.660100
Ball hight state[0] = 0.362000
Everything seems to be OK since you got this far=)!
Version returned from FMU:   1.0
Platform type returned:      standard32
fmi1_import_set_debug_logging:  OK
Ball hight state[0] = 1.400000
Ball hight state[0] = 1.701900
Ball hight state[0] = 1.905700
Ball hight state[0] = 2.011400
Ball hight state[0] = 2.019000
Ball hight state[0] = 1.928500
Ball hight state[0] = 1.739900
Ball hight state[0] = 1.453200
Ball hight state[0] = 1.068400
Ball hight state[0] = 0.585500
Ball hight state[0] = 0.004500
Ball hight state[0] = -0.674600
Ball hight state[0] = 0.388600
Ball hight state[0] = 0.679100
Ball hight state[0] = 0.871500
Ball hight state[0] = 0.965800
Ball hight state[0] = 0.962000
Ball hight state[0] = 0.860100
Ball hight state[0] = 0.660100
Ball hight state[0] = 0.362000
Everything seems to be OK since you got this far=)!
Version returned from FMU:   1.0
Platform type returned:      standard32
fmi1_import_set_debug_logging:  OK
Ball hight state[0] = 1.400000
Ball hight state[0] = 1.701900
Ball hight state[0] = 1.905700
Ball hight state[0] = 2.011400
Ball hight state[0] = 2.019000
Ball hight state[0] = 1.928500
Ball hight state[0] = 1.739900
Ball hight state[0] = 1.453200
Ball hight state[0] = 1.068400
Ball hight state[0] = 0.585500
Ball hight state[0] = 0.004500
Ball hight state[0] = -0.674600
[VERBOSE][FMICAPI] Calling fmiFreeModelInstance
[VERBOSE][FMILIB] Allocating FMIL context
[VERBOSE][FMILIB] Parsing model description XML
[VERBOSE][FMI1XML] Parsing XML element fmiModelDescription
[VERBOSE][FMI1XML] Parsing XML element TypeDefinitions
Ball hight state[0] = 0.388600
Ball hight state[0] = 0.679100
Ball hight state[0] = 0.871500
Ball hight state[0] = 0.965800
Ball hight state[0] = 0.962000
Ball hight state[0] = 0.860100
Ball hight state[0] = 0.660100
Ball hight state[0] = 0.362000
Everything seems to be OK since you got this far=)!
Version returned from FMU:   1.0
Platform type returned:      standard32
fmi1_import_set_debug_logging:  OK
Ball hight state[0] = 1.400000
Ball hight state[0] = 1.701900
Ball hight state[0] = 1.905700
Ball hight state[0] = 2.011400
Ball hight state[0] = 2.019000
Ball hight state[0] = 1.928500
Ball hight state[0] = 1.739900
Ball hight state[0] = 1.453200
Ball hight state[0] = 1.068400
Ball hight state[0] = 0.585500
Ball hight state[0] = 0.004500
Ball hight state[0] = -0.674600
Ball hight state[0] = 0.388600
Ball hight state[0] = 0.679100
Ball hight state[0] = 0.871500
Ball hight state[0] = 0.965800
Ball hight state[0] = 0.962000
Ball hight state[0] = 0.860100
Ball hight state[0] = 0.660100
Ball hight state[0] = 0.362000
Everything seems to be OK since you got this far=)!
Version returned from FMU:   1.0
Platform type returned:      standard32
fmi1_import_set_debug_logging:  OK
Ball hight state[0] = 1.400000
Ball hight state[0] = 1.701900
Ball hight state[0] = 1.905700
Ball hight state[0] = 2.011400
Ball hight state[0] = 2.019000
Ball hight state[0] = 1.928500
Ball hight state[0] = 1.739900
Ball hight state[0] = 1.453200
Ball hight state[0] = 1.068400
Ball hight state[0] = 0.585500
Ball hight state[0] = 0.004500
Ball hight state[0] = -0.674600
Ball hight state[0] = 0.388600
Ball hight state[0] = 0.679100
Ball hight state[0] = 0.871500
Ball hight state[0] = 0.965800
Ball hight state[0] = 0.962000
Ball hight state[0] = 0.860100
Ball hight state[0] = 0.660100
Ball hight state[0] = 0.362000
Everything seems to be OK since you got this far=)!
Version returned from FMU:   1.0
Platform type returned:      standard32
fmi1_import_set_debug_logging:  OK
Ball hight state[0] = 1.400000
Ball hight state[0] = 1.701900
[VERBOSE][FMI1XML] Parsing XML element ModelVariables
[ERROR][FMI1XML] [Line:20] XML element 'RealType' cannot be placed inside 'ScalarVariable', skipping
[ERROR][FMI1XML] [Line:20] XML element 'Integer' cannot be placed after element 'Real', skipping
[ERROR][FMI1XML] DirectDependency XML element cannot be defined for 'HIGHT_SPEED_ALIAS' since causality is not output. Skipping.
[WARNING][FMI1XML] [Line:26] Skipping nested XML element 'Name'
[VERBOSE][FMI1XML] Checking alias information
[ERROR][FMI1XML] Variables HIGHT_SPEED and HIGHT_SPEED_ALIAS reference the same vr 1. Marking 'HIGHT_SPEED_ALIAS' as alias.
[VERBOSE][FMI1XML] Setting up direct dependencies cross-references
[ERROR][FMI1XML] [Line:44] Multiple instances of XML element 'ModelVariables' are not allowed, skipping
[WARNING][FMI1XML] [Line:45] Skipping nested XML element 'ScalarVariable'
[WARNING][FMI1XML] [Line:46] Skipping nested XML element 'Boolean'
[VERBOSE][FMILIB] Parsing finished successfully
[INFO][FMILIB] Loading 'linux64' binary with 'standard32' platform types
[VERBOSE][FMICAPI] Loaded FMU binary from /home/robbr48/h/Dependencies/FMILibrary-2.0.1/build-fmil/Testing/tempfolder/binaries/linux64/BouncingBall.so
[VERBOSE][FMICAPI] Loading functions for the model exchange interface
[VERBOSE][FMILIB] Successfully loaded all the interface functions
[VERBOSE][FMICAPI] Calling fmiGetModelTypesPlatform
[VERBOSE][FMICAPI] Calling fmiInstantiateModel
[VERBOSE][FMICAPI] Calling fmiInitialize
[INFO][Test ME model instance] [INFO][FMU status:OK] ### Initializing component ###
[INFO][Test ME model instance] [INFO][FMU status:OK] Init HIGHT=1
[INFO][Test ME model instance] [INFO][FMU status:OK] Init HIGHT_SPEED=4
[INFO][Test ME model instance] [INFO][FMU status:OK] Init GRAVITY=-9.81
[INFO][Test ME model instance] [INFO][FMU status:OK] Init BOUNCE_COF=0.5
[WARNING][LOGGER] Expected value reference in log message here: '[ERROR][FMU status:OK] Bad reference: '
[INFO][Test ME model instance] [ERROR][FMU status:OK] Bad reference: #r-1#
[WARNING][LOGGER] Expected terminating '#' in log message here: '[ERROR][FMU status:OK] Bad reference: 1'
[INFO][Test ME model instance] [ERROR][FMU status:OK] Bad reference: #r1
[WARNING][LOGGER] Expected type specification character 'r', 'i', 'b' or 's' in log message here: '[ERROR][FMU status:OK] Bad reference: '
[INFO][Test ME model instance] [ERROR][FMU status:OK] Bad reference: #t1#
[WARNING][LOGGER] Could not find variable referenced in log message here: '[ERROR][FMU status:OK] Bad reference: 10'
[INFO][Test ME model instance] [ERROR][FMU status:OK] Bad reference: #r10#
[VERBOSE][FMICAPI] Calling fmiFreeModelInstance
[VERBOSE][FMILIB] Allocating FMIL context
[VERBOSE][FMILIB] Parsing model description XML
[VERBOSE][FMI1XML] Parsing XML element fmiModelDescription
[VERBOSE][FMI1XML] Parsing XML element TypeDefinitions
[VERBOSE][FMI1XML] Parsing XML element ModelVariables
[ERROR][FMI1XML] [Line:20] XML element 'RealType' cannot be placed inside 'ScalarVariable', skipping
[ERROR][FMI1XML] [Line:20] XML element 'Integer' cannot be placed after element 'Real', skipping
[ERROR][FMI1XML] DirectDependency XML element cannot be defined for 'HIGHT_SPEED_ALIAS' since causality is not output. Skipping.
[WARNING][FMI1XML] [Line:26] Skipping nested XML element 'Name'
[VERBOSE][FMI1XML] Checking alias information
[ERROR][FMI1XML] Variables HIGHT_SPEED and HIGHT_SPEED_ALIAS reference the same vr 1. Marking 'HIGHT_SPEED_ALIAS' as alias.
[VERBOSE][FMI1XML] Setting up direct dependencies cross-references
[ERROR][FMI1XML] [Line:44] Multiple instances of XML element 'ModelVariables' are not allowed, skipping
[WARNING][FMI1XML] [Line:45] Skipping nested XML element 'ScalarVariable'
[WARNING][FMI1XML] [Line:46] Skipping nested XML element 'Boolean'
[VERBOSE][FMILIB] Parsing finished successfully
[INFO][FMILIB] Loading 'linux64' binary with 'standard32' platform types
[VERBOSE][FMICAPI] Loaded FMU binary from /home/robbr48/h/Dependencies/FMILibrary-2.0.1/build-fmil/Testing/tempfolder/binaries/linux64/BouncingBall.so
[VERBOSE][FMICAPI] Loading functions for the model exchange interface
[VERBOSE][FMILIB] Successfully loaded all the interface functions
[VERBOSE][FMICAPI] Calling fmiGetModelTypesPlatform
[VERBOSE][FMICAPI] Calling fmiInstantiateModel
[VERBOSE][FMICAPI] Calling fmiInitialize
[INFO][Test ME model instance] [INFO][FMU status:OK] ### Initializing component ###
[INFO][Test ME model instance] [INFO][FMU status:OK] Init HIGHT=1
[INFO][Test ME model instance] [INFO][FMU status:OK] Init HIGHT_SPEED=4
[INFO][Test ME model instance] [INFO][FMU status:OK] Init GRAVITY=-9.81
[INFO][Test ME model instance] [INFO][FMU status:OK] Init BOUNCE_COF=0.5
[WARNING][LOGGER] Expected value reference in log message here: '[ERROR][FMU status:OK] Bad reference: '
[INFO][Test ME model instance] [ERROR][FMU status:OK] Bad reference: #r-1#
[WARNING][LOGGER] Expected terminating '#' in log message here: '[ERROR][FMU status:OK] Bad reference: 1'
[INFO][Test ME model instance] [ERROR][FMU status:OK] Bad reference: #r1
[WARNING][LOGGER] Expected type specification character 'r', 'i', 'b' or 's' in log message here: '[ERROR][FMU status:OK] Bad reference: '
[INFO][Test ME model instance] [ERROR][FMU status:OK] Bad reference: #t1#
[WARNING][LOGGER] Could not find variable referenced in log message here: '[ERROR][FMU status:OK] Bad reference: 10'
[INFO][Test ME model instance] [ERROR][FMU status:OK] Bad reference: #r10#
[VERBOSE][FMICAPI] Calling fmiFreeModelInstance
[VERBOSE][FMILIB] Allocating FMIL context
[VERBOSE][FMILIB] Parsing model description XML
[VERBOSE][FMI1XML] Parsing XML element fmiModelDescription
[VERBOSE][FMI1XML] Parsing XML element TypeDefinitions
[VERBOSE][FMI1XML] Parsing XML element ModelVariables
[ERROR][FMI1XML] [Line:20] XML element 'RealType' cannot be placed inside 'ScalarVariable', skipping
[ERROR][FMI1XML] [Line:20] XML element 'Integer' cannot be placed after element 'Real', skipping
[ERROR][FMI1XML] DirectDependency XML element cannot be defined for 'HIGHT_SPEED_ALIAS' since causality is not output. Skipping.
[WARNING][FMI1XML] [Line:26] Skipping nested XML element 'Name'
[VERBOSE][FMI1XML] Checking alias information
[ERROR][FMI1XML] Variables HIGHT_SPEED and HIGHT_SPEED_ALIAS reference the same vr 1. Marking 'HIGHT_SPEED_ALIAS' as alias.
[VERBOSE][FMI1XML] Setting up direct dependencies cross-references
[ERROR][FMI1XML] [Line:44] Multiple instances of XML element 'ModelVariables' are not allowed, skipping
[WARNING][FMI1XML] [Line:45] Skipping nested XML element 'ScalarVariable'
[WARNING][FMI1XML] [Line:46] Skipping nested XML element 'Boolean'
[VERBOSE][FMILIB] Parsing finished successfully
[INFO][FMILIB] Loading 'linux64' binary with 'standard32' platform types
[VERBOSE][FMICAPI] Loaded FMU binary from /home/robbr48/h/Dependencies/FMILibrary-2.0.1/build-fmil/Testing/tempfolder/binaries/linux64/BouncingBall.so
[VERBOSE][FMICAPI] Loading functions for the model exchange interface
[VERBOSE][FMILIB] Successfully loaded all the interface functions
[VERBOSE][FMICAPI] Calling fmiGetModelTypesPlatform
[VERBOSE][FMICAPI] Calling fmiInstantiateModel
[VERBOSE][FMICAPI] Calling fmiInitialize
[INFO][Test ME model instance] [INFO][FMU status:OK] ### Initializing component ###
[INFO][Test ME model instance] [INFO][FMU status:OK] Init HIGHT=1
[INFO][Test ME model instance] [INFO][FMU status:OK] Init HIGHT_SPEED=4
[INFO][Test ME model instance] [INFO][FMU status:OK] Init GRAVITY=-9.81
[INFO][Test ME model instance] [INFO][FMU status:OK] Init BOUNCE_COF=0.5
[WARNING][LOGGER] Expected value reference in log message here: '[ERROR][FMU status:OK] Bad reference: '
[INFO][Test ME model instance] [ERROR][FMU status:OK] Bad reference: #r-1#
[WARNING][LOGGER] Expected terminating '#' in log message here: '[ERROR][FMU status:OK] Bad reference: 1'
[INFO][Test ME model instance] [ERROR][FMU status:OK] Bad reference: #r1
[WARNING][LOGGER] Expected type specification character 'r', 'i', 'b' or 's' in log message here: '[ERROR][FMU status:OK] Bad reference: '
[INFO][Test ME model instance] [ERROR][FMU status:OK] Bad reference: #t1#
[WARNING][LOGGER] Could not find variable referenced in log message here: '[ERROR][FMU status:OK] Bad reference: 10'
[INFO][Test ME model instance] [ERROR][FMU status:OK] Bad reference: #r10#
[VERBOSE][FMICAPI] Calling fmiFreeModelInstance
[VERBOSE][FMILIB] Allocating FMIL context
[VERBOSE][FMILIB] Parsing model description XML
[VERBOSE][FMI1XML] Parsing XML element fmiModelDescription
[VERBOSE][FMI1XML] Parsing XML element TypeDefinitions
[VERBOSE][FMI1XML] Parsing XML element ModelVariables
[ERROR][FMI1XML] [Line:20] XML element 'RealType' cannot be placed inside 'ScalarVariable', skipping
[ERROR][FMI1XML] [Line:20] XML element 'Integer' cannot be placed after element 'Real', skipping
[ERROR][FMI1XML] DirectDependency XML element cannot be defined for 'HIGHT_SPEED_ALIAS' since causality is not output. Skipping.
[WARNING][FMI1XML] [Line:26] Skipping nested XML element 'Name'
[VERBOSE][FMI1XML] Checking alias information
[ERROR][FMI1XML] Variables HIGHT_SPEED and HIGHT_SPEED_ALIAS reference the same vr 1. Marking 'HIGHT_SPEED_ALIAS' as alias.
[VERBOSE][FMI1XML] Setting up direct dependencies cross-references
[ERROR][FMI1XML] [Line:44] Multiple instances of XML element 'ModelVariables' are not allowed, skipping
[WARNING][FMI1XML] [Line:45] Skipping nested XML element 'ScalarVariable'
[WARNING][FMI1XML] [Line:46] Skipping nested XML element 'Boolean'
[VERBOSE][FMILIB] Parsing finished successfully
[INFO][FMILIB] Loading 'linux64' binary with 'standard32' platform types
[VERBOSE][FMICAPI] Loaded FMU binary from /home/robbr48/h/Dependencies/FMILibrary-2.0.1/build-fmil/Testing/tempfolder/binaries/linux64/BouncingBall.so
[VERBOSE][FMICAPI] Loading functions for the model exchange interface
[VERBOSE][FMILIB] Successfully loaded all the interface functions
[VERBOSE][FMICAPI] Calling fmiGetModelTypesPlatform
[VERBOSE][FMICAPI] Calling fmiInstantiateModel
[VERBOSE][FMICAPI] Calling fmiInitialize
[INFO][Test ME model instance] [INFO][FMU status:OK] ### Initializing component ###
[INFO][Test ME model instance] [INFO][FMU status:OK] Init HIGHT=1
[INFO][Test ME model instance] [INFO][FMU status:OK] Init HIGHT_SPEED=4
[INFO][Test ME model instance] [INFO][FMU status:OK] Init GRAVITY=-9.81
[INFO][Test ME model instance] [INFO][FMU status:OK] Init BOUNCE_COF=0.5
[WARNING][LOGGER] Expected value reference in log message here: '[ERROR][FMU status:OK] Bad reference: '
[INFO][Test ME model instance] [ERROR][FMU status:OK] Bad reference: #r-1#
[WARNING][LOGGER] Expected terminating '#' in log message here: '[ERROR][FMU status:OK] Bad reference: 1'
[INFO][Test ME model instance] [ERROR][FMU status:OK] Bad reference: #r1
[WARNING][LOGGER] Expected type specification character 'r', 'i', 'b' or 's' in log message here: '[ERROR][FMU status:OK] Bad reference: '
[INFO][Test ME model instance] [ERROR][FMU status:OK] Bad reference: #t1#
[WARNING][LOGGER] Could not find variable referenced in log message here: '[ERROR][FMU status:OK] Bad reference: 10'
[INFO][Test ME model instance] [ERROR][FMU status:OK] Bad reference: #r10#
[VERBOSE][FMICAPI] Calling fmiFreeModelInstance
[VERBOSE][FMILIB] Allocating FMIL context
[VERBOSE][FMILIB] Parsing model description XML
[VERBOSE][FMI1XML] Parsing XML element fmiModelDescription
[VERBOSE][FMI1XML] Parsing XML element TypeDefinitions
[VERBOSE][FMI1XML] Parsing XML element ModelVariables
[ERROR][FMI1XML] [Line:20] XML element 'RealType' cannot be placed inside 'ScalarVariable', skipping
[ERROR][FMI1XML] [Line:20] XML element 'Integer' cannot be placed after element 'Real', skipping
[ERROR][FMI1XML] DirectDependency XML element cannot be defined for 'HIGHT_SPEED_ALIAS' since causality is not output. Skipping.
[WARNING][FMI1XML] [Line:26] Skipping nested XML element 'Name'
[VERBOSE][FMI1XML] Checking alias information
[ERROR][FMI1XML] Variables HIGHT_SPEED and HIGHT_SPEED_ALIAS reference the same vr 1. Marking 'HIGHT_SPEED_ALIAS' as alias.
[VERBOSE][FMI1XML] Setting up direct dependencies cross-references
[ERROR][FMI1XML] [Line:44] Multiple instances of XML element 'ModelVariables' are not allowed, skipping
[WARNING][FMI1XML] [Line:45] Skipping nested XML element 'ScalarVariable'
[WARNING][FMI1XML] [Line:46] Skipping nested XML element 'Boolean'
[VERBOSE][FMILIB] Parsing finished successfully
[INFO][FMILIB] Loading 'linux64' binary with 'standard32' platform types
[VERBOSE][FMICAPI] Loaded FMU binary from /home/robbr48/h/Dependencies/FMILibrary-2.0.1/build-fmil/Testing/tempfolder/binaries/linux64/BouncingBall.so
[VERBOSE][FMICAPI] Loading functions for the model exchange interface
[VERBOSE][FMILIB] Successfully loaded all the interface functions
[VERBOSE][FMICAPI] Calling fmiGetModelTypesPlatform
[VERBOSE][FMICAPI] Calling fmiInstantiateModel
[VERBOSE][FMICAPI] Calling fmiInitialize
[INFO][Test ME model instance] [INFO][FMU status:OK] ### Initializing component ###
[INFO][Test ME model instance] [INFO][FMU status:OK] Init HIGHT=1
[INFO][Test ME model instance] [INFO][FMU status:OK] Init HIGHT_SPEED=4
[INFO][Test ME model instance] [INFO][FMU status:OK] Init GRAVITY=-9.81
[INFO][Test ME model instance] [INFO][FMU status:OK] Init BOUNCE_COF=0.5
[WARNING][LOGGER] Expected value reference in log message here: '[ERROR][FMU status:OK] Bad reference: '
[INFO][Test ME model instance] [ERROR][FMU status:OK] Bad reference: #r-1#
[WARNING][LOGGER] Expected terminating '#' in log message here: '[ERROR][FMU status:OK] Bad reference: 1'
[INFO][Test ME model instance] [ERROR][FMU status:OK] Bad reference: #r1
[WARNING][LOGGER] Expected type specification character 'r', 'i', 'b' or 's' in log message here: '[ERROR][FMU status:OK] Bad reference: '
[INFO][Test ME model instance] [ERROR][FMU status:OK] Bad reference: #t1#
[WARNING][LOGGER] Could not find variable referenced in log message here: '[ERROR][FMU status:OK] Bad reference: 10'
[INFO][Test ME model instance] [ERROR][FMU status:OK] Bad reference: #r10#
Ball hight state[0] = 1.905700
Ball hight state[0] = 2.011400
Ball hight state[0] = 2.019000
Ball hight state[0] = 1.928500
Ball hight state[0] = 1.739900
Ball hight state[0] = 1.453200
Ball hight state[0] = 1.068400
Ball hight state[0] = 0.585500
Ball hight state[0] = 0.004500
Ball hight state[0] = -0.674600
Ball hight state[0] = 0.388600
Ball hight state[0] = 0.679100
Ball hight state[0] = 0.871500
Ball hight state[0] = 0.965800
Ball hight state[0] = 0.962000
Ball hight state[0] = 0.860100
Ball hight state[0] = 0.660100
Ball hight state[0] = 0.362000
Everything seems to be OK since you got this far=)!
Version returned from FMU:   1.0
Platform type returned:      standard32
fmi1_import_set_debug_logging:  OK
Ball hight state[0] = 1.400000
Ball hight state[0] = 1.701900
Ball hight state[0] = 1.905700
Ball hight state[0] = 2.011400
Ball hight state[0] = 2.019000
Ball hight state[0] = 1.928500
Ball hight state[0] = 1.739900
Ball hight state[0] = 1.453200
Ball hight state[0] = 1.068400
Ball hight state[0] = 0.585500
Ball hight state[0] = 0.004500
Ball hight state[0] = -0.674600
Ball hight state[0] = 0.388600
Ball hight state[0] = 0.679100
Ball hight state[0] = 0.871500
Ball hight state[0] = 0.965800
Ball hight state[0] = 0.962000
Ball hight state[0] = 0.860100
Ball hight state[0] = 0.660100
Ball hight state[0] = 0.362000
Everything seems to be OK since you got this far=)!
Version returned from FMU:   1.0
Platform type returned:      standard32
fmi1_import_set_debug_logging:  OK
Ball hight state[0] = 1.400000
Ball hight state[0] = 1.701900
Ball hight state[0] = 1.905700
Ball hight state[0] = 2.011400
Ball hight state[0] = 2.019000
Ball hight state[0] = 1.928500
Ball hight state[0] = 1.739900
Ball hight state[0] = 1.453200
Ball hight state[0] = 1.068400
Ball hight state[0] = 0.585500
Ball hight state[0] = 0.004500
Ball hight state[0] = -0.674600
Ball hight state[0] = 0.388600
Ball hight state[0] = 0.679100
Ball hight state[0] = 0.871500
Ball hight state[0] = 0.965800
Ball hight state[0] = 0.962000
Ball hight state[0] = 0.860100
[VERBOSE][FMICAPI] Calling fmiFreeModelInstance
[VERBOSE][FMILIB] Allocating FMIL context
[VERBOSE][FMILIB] Parsing model description XML
[VERBOSE][FMI1XML] Parsing XML element fmiModelDescription
[VERBOSE][FMI1XML] Parsing XML element TypeDefinitions
Ball hight state[0] = 0.660100
Ball hight state[0] = 0.362000
Everything seems to be OK since you got this far=)!
Version returned from FMU:   1.0
Platform type returned:      standard32
fmi1_import_set_debug_logging:  OK
Ball hight state[0] = 1.400000
Ball hight state[0] = 1.701900
Ball hight state[0] = 1.905700
Ball hight state[0] = 2.011400
Ball hight state[0] = 2.019000
Ball hight state[0] = 1.928500
Ball hight state[0] = 1.739900
Ball hight state[0] = 1.453200
Ball hight state[0] = 1.068400
Ball hight state[0] = 0.585500
Ball hight state[0] = 0.004500
Ball hight state[0] = -0.674600
Ball hight state[0] = 0.388600
Ball hight state[0] = 0.679100
Ball hight state[0] = 0.871500
Ball hight state[0] = 0.965800
Ball hight state[0] = 0.962000
Ball hight state[0] = 0.860100
Ball hight state[0] = 0.660100
Ball hight state[0] = 0.362000
Everything seems to be OK since you got this far=)!
Version returned from FMU:   1.0
Platform type returned:      standard32
fmi1_import_set_debug_logging:  OK
Ball hight state[0] = 1.400000
Ball hight state[0] = 1.701900
Ball hight state[0] = 1.905700
Ball hight state[0] = 2.011400
Ball hight state[0] = 2.019000
Ball hight state[0] = 1.928500
Ball hight state[0] = 1.739900
Ball hight state[0] = 1.453200
Ball hight state[0] = 1.068400
Ball hight state[0] = 0.585500
Ball hight state[0] = 0.004500
Ball hight state[0] = -0.674600
Ball hight state[0] = 0.388600
Ball hight state[0] = 0.679100
Ball hight state[0] = 0.871500
Ball hight state[0] = 0.965800
Ball hight state[0] = 0.962000
Ball hight state[0] = 0.860100
Ball hight state[0] = 0.660100
Ball hight state[0] = 0.362000
Everything seems to be OK since you got this far=)!
Version returned from FMU:   1.0
Platform type returned:      standard32
fmi1_import_set_debug_logging:  OK
Ball hight state[0] = 1.400000
Ball hight state[0] = 1.701900
Ball hight state[0] = 1.905700
Ball hight state[0] = 2.011400
Ball hight state[0] = 2.019000
Ball hight state[0] = 1.928500
Ball hight state[0] = 1.739900
Ball hight state[0] = 1.453200
[VERBOSE][FMI1XML] Parsing XML element ModelVariables
[ERROR][FMI1XML] [Line:20] XML element 'RealType' cannot be placed inside 'ScalarVariable', skipping
[ERROR][FMI1XML] [Line:20] XML element 'Integer' cannot be placed after element 'Real', skipping
[ERROR][FMI1XML] DirectDependency XML element cannot be defined for 'HIGHT_SPEED_ALIAS' since causality is not output. Skipping.
[WARNING][FMI1XML] [Line:26] Skipping nested XML element 'Name'
[VERBOSE][FMI1XML] Checking alias information
[ERROR][FMI1XML] Variables HIGHT_SPEED and HIGHT_SPEED_ALIAS reference the same vr 1. Marking 'HIGHT_SPEED_ALIAS' as alias.
[VERBOSE][FMI1XML] Setting up direct dependencies cross-references
[ERROR][FMI1XML] [Line:44] Multiple instances of XML element 'ModelVariables' are not allowed, skipping
[WARNING][FMI1XML] [Line:45] Skipping nested XML element 'ScalarVariable'
[WARNING][FMI1XML] [Line:46] Skipping nested XML element 'Boolean'
[VERBOSE][FMILIB] Parsing finished successfully
[INFO][FMILIB] Loading 'linux64' binary with 'standard32' platform types
[VERBOSE][FMICAPI] Loaded FMU binary from /home/robbr48/h/Dependencies/FMILibrary-2.0.1/build-fmil/Testing/tempfolder/binaries/linux64/BouncingBall.so
[VERBOSE][FMICAPI] Loading functions for the model exchange interface
[VERBOSE][FMILIB] Successfully loaded all the interface functions
[VERBOSE][FMICAPI] Calling fmiGetModelTypesPlatform
[VERBOSE][FMICAPI] Calling fmiInstantiateModel
[VERBOSE][FMICAPI] Calling fmiInitialize
[INFO][Test ME model instance] [INFO][FMU status:OK] ### Initializing component ###
[INFO][Test ME model instance] [INFO][FMU status:OK] Init HIGHT=1
[INFO][Test ME model instance] [INFO][FMU status:OK] Init HIGHT_SPEED=4
[INFO][Test ME model instance] [INFO][FMU status:OK] Init GRAVITY=-9.81
[INFO][Test ME model instance] [INFO][FMU status:OK] Init BOUNCE_COF=0.5
[WARNING][LOGGER] Expected value reference in log message here: '[ERROR][FMU status:OK] Bad reference: '
[INFO][Test ME model instance] [ERROR][FMU status:OK] Bad reference: #r-1#
[WARNING][LOGGER] Expected terminating '#' in log message here: '[ERROR][FMU status:OK] Bad reference: 1'
[INFO][Test ME model instance] [ERROR][FMU status:OK] Bad reference: #r1
[WARNING][LOGGER] Expected type specification character 'r', 'i', 'b' or 's' in log message here: '[ERROR][FMU status:OK] Bad reference: '
[INFO][Test ME model instance] [ERROR][FMU status:OK] Bad reference: #t1#
[WARNING][LOGGER] Could not find variable referenced in log message here: '[ERROR][FMU status:OK] Bad reference: 10'
[INFO][Test ME model instance] [ERROR][FMU status:OK] Bad reference: #r10#
[VERBOSE][FMICAPI] Calling fmiFreeModelInstance
[VERBOSE][FMILIB] Allocating FMIL context
[VERBOSE][FMILIB] Parsing model description XML
[VERBOSE][FMI1XML] Parsing XML element fmiModelDescription
[VERBOSE][FMI1XML] Parsing XML element TypeDefinitions
[VERBOSE][FMI1XML] Parsing XML element ModelVariables
[ERROR][FMI1XML] [Line:20] XML element 'RealType' cannot be placed inside 'ScalarVariable', skipping
[ERROR][FMI1XML] [Line:20] XML element 'Integer' cannot be placed after element 'Real', skipping
[ERROR][FMI1XML] DirectDependency XML element cannot be defined for 'HIGHT_SPEED_ALIAS' since causality is not output. Skipping.
[WARNING][FMI1XML] [Line:26] Skipping nested XML element 'Name'
[VERBOSE][FMI1XML] Checking alias information
[ERROR][FMI1XML] Variables HIGHT_SPEED and HIGHT_SPEED_ALIAS reference the same vr 1. Marking 'HIGHT_SPEED_ALIAS' as alias.
[VERBOSE][FMI1XML] Setting up direct dependencies cross-references
[ERROR][FMI1XML] [Line:44] Multiple instances of XML element 'ModelVariables' are not allowed, skipping
[WARNING][FMI1XML] [Line:45] Skipping nested XML element 'ScalarVariable'
[WARNING][FMI1XML] [Line:46] Skipping nested XML element 'Boolean'
[VERBOSE][FMILIB] Parsing finished successfully
[INFO][FMILIB] Loading 'linux64' binary with 'standard32' platform types
[VERBOSE][FMICAPI] Loaded FMU binary from /home/robbr48/h/Dependencies/FMILibrary-2.0.1/build-fmil/Testing/tempfolder/binaries/linux64/BouncingBall.so
[VERBOSE][FMICAPI] Loading functions for the model exchange interface
[VERBOSE][FMILIB] Successfully loaded all the interface functions
[VERBOSE][FMICAPI] Calling fmiGetModelTypesPlatform
[VERBOSE][FMICAPI] Calling fmiInstantiateModel
[VERBOSE][FMICAPI] Calling fmiInitialize
[INFO][Test ME model instance] [INFO][FMU status:OK] ### Initializing component ###
[INFO][Test ME model instance] [INFO][FMU status:OK] Init HIGHT=1
[INFO][Test ME model instance] [INFO][FMU status:OK] Init HIGHT_SPEED=4
[INFO][Test ME model instance] [INFO][FMU status:OK] Init GRAVITY=-9.81
[INFO][Test ME model instance] [INFO][FMU status:OK] Init BOUNCE_COF=0.5
[WARNING][LOGGER] Expected value reference in log message here: '[ERROR][FMU status:OK] Bad reference: '
[INFO][Test ME model instance] [ERROR][FMU status:OK] Bad reference: #r-1#
[WARNING][LOGGER] Expected terminating '#' in log message here: '[ERROR][FMU status:OK] Bad reference: 1'
[INFO][Test ME model instance] [ERROR][FMU status:OK] Bad reference: #r1
[WARNING][LOGGER] Expected type specification character 'r', 'i', 'b' or 's' in log message here: '[ERROR][FMU status:OK] Bad reference: '
[INFO][Test ME model instance] [ERROR][FMU status:OK] Bad reference: #t1#
[WARNING][LOGGER] Could not find variable referenced in log message here: '[ERROR][FMU status:OK] Bad reference: 10'
[INFO][Test ME model instance] [ERROR][FMU status:OK] Bad reference: #r10#
[VERBOSE][FMICAPI] Calling fmiFreeModelInstance
[VERBOSE][FMILIB] Allocating FMIL context
[VERBOSE][FMILIB] Parsing model description XML
[VERBOSE][FMI1XML] Parsing XML element fmiModelDescription
[VERBOSE][FMI1XML] Parsing XML element TypeDefinitions
[VERBOSE][FMI1XML] Parsing XML element ModelVariables
[ERROR][FMI1XML] [Line:20] XML element 'RealType' cannot be placed inside 'ScalarVariable', skipping
[ERROR][FMI1XML] [Line:20] XML element 'Integer' cannot be placed after element 'Real', skipping
[ERROR][FMI1XML] DirectDependency XML element cannot be defined for 'HIGHT_SPEED_ALIAS' since causality is not output. Skipping.
[WARNING][FMI1XML] [Line:26] Skipping nested XML element 'Name'
[VERBOSE][FMI1XML] Checking alias information
[ERROR][FMI1XML] Variables HIGHT_SPEED and HIGHT_SPEED_ALIAS reference the same vr 1. Marking 'HIGHT_SPEED_ALIAS' as alias.
[VERBOSE][FMI1XML] Setting up direct dependencies cross-references
[ERROR][FMI1XML] [Line:44] Multiple instances of XML element 'ModelVariables' are not allowed, skipping
[WARNING][FMI1XML] [Line:45] Skipping nested XML element 'ScalarVariable'
[WARNING][FMI1XML] [Line:46] Skipping nested XML element 'Boolean'
[VERBOSE][FMILIB] Parsing finished successfully
[INFO][FMILIB] Loading 'linux64' binary with 'standard32' platform types
[VERBOSE][FMICAPI] Loaded FMU binary from /home/robbr48/h/Dependencies/FMILibrary-2.0.1/build-fmil/Testing/tempfolder/binaries/linux64/BouncingBall.so
[VERBOSE][FMICAPI] Loading functions for the model exchange interface
[VERBOSE][FMILIB] Successfully loaded all the interface functions
[VERBOSE][FMICAPI] Calling fmiGetModelTypesPlatform
[VERBOSE][FMICAPI] Calling fmiInstantiateModel
[VERBOSE][FMICAPI] Calling fmiInitialize
[INFO][Test ME model instance] [INFO][FMU status:OK] ### Initializing component ###
[INFO][Test ME model instance] [INFO][FMU status:OK] Init HIGHT=1
[INFO][Test ME model instance] [INFO][FMU status:OK] Init HIGHT_SPEED=4
[INFO][Test ME model instance] [INFO][FMU status:OK] Init GRAVITY=-9.81
[INFO][Test ME model instance] [INFO][FMU status:OK] Init BOUNCE_COF=0.5
[WARNING][LOGGER] Expected value reference in log message here: '[ERROR][FMU status:OK] Bad reference: '
[INFO][Test ME model instance] [ERROR][FMU status:OK] Bad reference: #r-1#
[WARNING][LOGGER] Expected terminating '#' in log message here: '[ERROR][FMU status:OK] Bad reference: 1'
[INFO][Test ME model instance] [ERROR][FMU status:OK] Bad reference: #r1
[WARNING][LOGGER] Expected type specification character 'r', 'i', 'b' or 's' in log message here: '[ERROR][FMU status:OK] Bad reference: '
[INFO][Test ME model instance] [ERROR][FMU status:OK] Bad reference: #t1#
[WARNING][LOGGER] Could not find variable referenced in log message here: '[ERROR][FMU status:OK] Bad reference: 10'
[INFO][Test ME model instance] [ERROR][FMU status:OK] Bad reference: #r10#
[VERBOSE][FMICAPI] Calling fmiFreeModelInstance
[VERBOSE][FMILIB] Allocating FMIL context
[VERBOSE][FMILIB] Parsing model description XML
[VERBOSE][FMI1XML] Parsing XML element fmiModelDescription
[VERBOSE][FMI1XML] Parsing XML element TypeDefinitions
[VERBOSE][FMI1XML] Parsing XML element ModelVariables
[ERROR][FMI1XML] [Line:20] XML element 'RealType' cannot be placed inside 'ScalarVariable', skipping
[ERROR][FMI1XML] [Line:20] XML element 'Integer' cannot be placed after element 'Real', skipping
[ERROR][FMI1XML] DirectDependency XML element cannot be defined for 'HIGHT_SPEED_ALIAS' since causality is not output. Skipping.
[WARNING][FMI1XML] [Line:26] Skipping nested XML element 'Name'
[VERBOSE][FMI1XML] Checking alias information
[ERROR][FMI1XML] Variables HIGHT_SPEED and HIGHT_SPEED_ALIAS reference the same vr 1. Marking 'HIGHT_SPEED_ALIAS' as alias.
[VERBOSE][FMI1XML] Setting up direct dependencies cross-references
[ERROR][FMI1XML] [Line:44] Multiple instances of XML element 'ModelVariables' are not allowed, skipping
[WARNING][FMI1XML] [Line:45] Skipping nested XML element 'ScalarVariable'
[WARNING][FMI1XML] [Line:46] Skipping nested XML element 'Boolean'
[VERBOSE][FMILIB] Parsing finished successfully
[INFO][FMILIB] Loading 'linux64' binary with 'standard32' platform types
[VERBOSE][FMICAPI] Loaded FMU binary from /home/robbr48/h/Dependencies/FMILibrary-2.0.1/build-fmil/Testing/tempfolder/binaries/linux64/BouncingBall.so
[VERBOSE][FMICAPI] Loading functions for the model exchange interface
[VERBOSE][FMILIB] Successfully loaded all the interface functions
[VERBOSE][FMICAPI] Calling fmiGetModelTypesPlatform
[VERBOSE][FMICAPI] Calling fmiInstantiateModel
[VERBOSE][FMICAPI] Calling fmiInitialize
[INFO][Test ME model instance] [INFO][FMU status:OK] ### Initializing component ###
[INFO][Test ME model instance] [INFO][FMU status:OK] Init HIGHT=1
[INFO][Test ME model instance] [INFO][FMU status:OK] Init HIGHT_SPEED=4
[INFO][Test ME model instance] [INFO][FMU status:OK] Init GRAVITY=-9.81
[INFO][Test ME model instance] [INFO][FMU status:OK] Init BOUNCE_COF=0.5
[WARNING][LOGGER] Expected value reference in log message here: '[ERROR][FMU status:OK] Bad reference: '
[INFO][Test ME model instance] [ERROR][FMU status:OK] Bad reference: #r-1#
[WARNING][LOGGER] Expected terminating '#' in log message here: '[ERROR][FMU status:OK] Bad reference: 1'
[INFO][Test ME model instance] [ERROR][FMU status:OK] Bad reference: #r1
[WARNING][LOGGER] Expected type specification character 'r', 'i', 'b' or 's' in log message here: '[ERROR][FMU status:OK] Bad reference: '
[INFO][Test ME model instance] [ERROR][FMU status:OK] Bad reference: #t1#
[WARNING][LOGGER] Could not find variable referenced in log message here: '[ERROR][FMU status:OK] Bad reference: 10'
[INFO][Test ME model instance] [ERROR][FMU status:OK] Bad reference: #r10#
[VERBOSE][FMICAPI] Calling fmiFreeModelInstance
[VERBOSE][FMILIB] Allocating FMIL context
[VERBOSE][FMILIB] Parsing model description XML
[VERBOSE][FMI1XML] Parsing XML element fmiModelDescription
[VERBOSE][FMI1XML] Parsing XML element TypeDefinitions
[VERBOSE][FMI1XML] Parsing XML element ModelVariables
[ERROR][FMI1XML] [Line:20] XML element 'RealType' cannot be placed inside 'ScalarVariable', skipping
[ERROR][FMI1XML] [Line:20] XML element 'Integer' cannot be placed after element 'Real', skipping
[ERROR][FMI1XML] DirectDependency XML element cannot be defined for 'HIGHT_SPEED_ALIAS' since causality is not output. Skipping.
[WARNING][FMI1XML] [Line:26] Skipping nested XML element 'Name'
[VERBOSE][FMI1XML] Checking alias information
[ERROR][FMI1XML] Variables HIGHT_SPEED and HIGHT_SPEED_ALIAS reference the same vr 1. Marking 'HIGHT_SPEED_ALIAS' as alias.
[VERBOSE][FMI1XML] Setting up direct dependencies cross-references
[ERROR][FMI1XML] [Line:44] Multiple instances of XML element 'ModelVariables' are not allowed, skipping
[WARNING][FMI1XML] [Line:45] Skipping nested XML element 'ScalarVariable'
[WARNING][FMI1XML] [Line:46] Skipping nested XML element 'Boolean'
[VERBOSE][FMILIB] Parsing finished successfully
[INFO][FMILIB] Loading 'linux64' binary with 'standard32' platform types
[VERBOSE][FMICAPI] Loaded FMU binary from /home/robbr48/h/Dependencies/FMILibrary-2.0.1/build-fmil/Testing/tempfolder/binaries/linux64/BouncingBall.so
[VERBOSE][FMICAPI] Loading functions for the model exchange interface
[VERBOSE][FMILIB] Successfully loaded all the interface functions
[VERBOSE][FMICAPI] Calling fmiGetModelTypesPlatform
[VERBOSE][FMICAPI] Calling fmiInstantiateModel
[VERBOSE][FMICAPI] Calling fmiInitialize
[INFO][Test ME model instance] [INFO][FMU status:OK] ### Initializing component ###
[INFO][Test ME model instance] [INFO][FMU status:OK] Init HIGHT=1
[INFO][Test ME model instance] [INFO][FMU status:OK] Init HIGHT_SPEED=4
[INFO][Test ME model instance] [INFO][FMU status:OK] Init GRAVITY=-9.81
[INFO][Test ME model instance] [INFO][FMU status:OK] Init BOUNCE_COF=0.5
[WARNING][LOGGER] Expected value reference in log message here: '[ERROR][FMU status:OK] Bad reference: '
[INFO][Test ME model instance] [ERROR][FMU status:OK] Bad reference: #r-1#
[WARNING][LOGGER] Expected terminating '#' in log message here: '[ERROR][FMU status:OK] Bad reference: 1'
[INFO][Test ME model instance] [ERROR][FMU status:OK] Bad reference: #r1
[WARNING][LOGGER] Expected type specification character 'r', 'i', 'b' or 's' in log message here: '[ERROR][FMU status:OK] Bad reference: '
[INFO][Test ME model instance] [ERROR][FMU status:OK] Bad reference: #t1#
[WARNING][LOGGER] Could not find variable referenced in log message here: '[ERROR][FMU status:OK] Bad reference: 10'
[INFO][Test ME model instance] [ERROR][FMU status:OK] Bad reference: #r10#
Ball hight state[0] = 1.068400
Ball hight state[0] = 0.585500
Ball hight state[0] = 0.004500
Ball hight state[0] = -0.674600
Ball hight state[0] = 0.388600
Ball hight state[0] = 0.679100
Ball hight state[0] = 0.871500
Ball hight state[0] = 0.965800
Ball hight state[0] = 0.962000
Ball hight state[0] = 0.860100
Ball hight state[0] = 0.660100
Ball hight state[0] = 0.362000
Everything seems to be OK since you got this far=)!
Version returned from FMU:   1.0
Platform type returned:      standard32
fmi1_import_set_debug_logging:  OK
Ball hight state[0] = 1.400000
Ball hight state[0] = 1.701900
Ball hight state[0] = 1.905700
Ball hight state[0] = 2.011400
Ball hight state[0] = 2.019000
Ball hight state[0] = 1.928500
Ball hight state[0] = 1.739900
Ball hight state[0] = 1.453200
Ball hight state[0] = 1.068400
Ball hight state[0] = 0.585500
Ball hight state[0] = 0.004500
Ball hight state[0] = -0.674600
Ball hight state[0] = 0.388600
Ball hight state[0] = 0.679100
Ball hight state[0] = 0.871500
Ball hight state[0] = 0.965800
Ball hight state[0] = 0.962000
Ball hight state[0] = 0.860100
Ball hight state[0] = 0.660100
Ball hight state[0] = 0.362000
Everything seems to be OK since you got this far=)!
Version returned from FMU:   1.0
Platform type returned:      standard32
fmi1_import_set_debug_logging:  OK
Ball hight state[0] = 1.400000
Ball hight state[0] = 1.701900
Ball hight state[0] = 1.905700
Ball hight state[0] = 2.011400
Ball hight state[0] = 2.019000
Ball hight state[0] = 1.928500
Ball hight state[0] = 1.739900
Ball hight state[0] = 1.453200
Ball hight state[0] = 1.068400
Ball hight state[0] = 0.585500
Ball hight state[0] = 0.004500
Ball hight state[0] = -0.674600
Ball hight state[0] = 0.388600
Ball hight state[0] = 0.679100
Ball hight state[0] = 0.871500
Ball hight state[0] = 0.965800
Ball hight state[0] = 0.962000
Ball hight state[0] = 0.860100
Ball hight state[0] = 0.660100
Ball hight state[0] = 0.362000
Everything seems to be OK since you got this far=)!
Version returned from FMU:   1.0
Platform type returned:      standard32
[VERBOSE][FMICAPI] Calling fmiFreeModelInstance
[VERBOSE][FMILIB] Allocating FMIL context
[VERBOSE][FMILIB] Parsing model description XML
[VERBOSE][FMI1XML] Parsing XML element fmiModelDescription
[VERBOSE][FMI1XML] Parsing XML element TypeDefinitions
[VERBOSE][FMI1XML] Parsing XML element ModelVariables
fmi1_import_set_debug_logging:  OK
Ball hight state[0] = 1.400000
Ball hight state[0] = 1.701900
Ball hight state[0] = 1.905700
Ball hight state[0] = 2.011400
Ball hight state[0] = 2.019000
Ball hight state[0] = 1.928500
Ball hight state[0] = 1.739900
Ball hight state[0] = 1.453200
Ball hight state[0] = 1.068400
Ball hight state[0] = 0.585500
Ball hight state[0] = 0.004500
Ball hight state[0] = -0.674600
Ball hight state[0] = 0.388600
Ball hight state[0] = 0.679100
Ball hight state[0] = 0.871500
Ball hight state[0] = 0.965800
Ball hight state[0] = 0.962000
Ball hight state[0] = 0.860100
Ball hight state[0] = 0.660100
Ball hight state[0] = 0.362000
Everything seems to be OK since you got this far=)!
Version returned from FMU:   1.0
Platform type returned:      standard32
fmi1_import_set_debug_logging:  OK
Ball hight state[0] = 1.400000
Ball hight state[0] = 1.701900
Ball hight state[0] = 1.905700
Ball hight state[0] = 2.011400
Ball hight state[0] = 2.019000
Ball hight state[0] = 1.928500
Ball hight state[0] = 1.739900
Ball hight state[0] = 1.453200
Ball hight state[0] = 1.068400
Ball hight state[0] = 0.585500
Ball hight state[0] = 0.004500
Ball hight state[0] = -0.674600
Ball hight state[0] = 0.388600
Ball hight state[0] = 0.679100
Ball hight state[0] = 0.871500
Ball hight state[0] = 0.965800
Ball hight state[0] = 0.962000
Ball hight state[0] = 0.860100
Ball hight state[0] = 0.660100
Ball hight state[0] = 0.362000
Everything seems to be OK since you got this far=)!
Version returned from FMU:   1.0
Platform type returned:      standard32
fmi1_import_set_debug_logging:  OK
Ball hight state[0] = 1.400000
Ball hight state[0] = 1.701900
Ball hight state[0] = 1.905700
Ball hight state[0] = 2.011400
Ball hight state[0] = 2.019000
Ball hight state[0] = 1.928500
Ball hight state[0] = 1.739900
Ball hight state[0] = 1.453200
Ball hight state[0] = 1.068400
Ball hight state[0] = 0.585500
Ball hight state[0] = 0.004500
Ball hight state[0] = -0.674600
Ball hight state[0] = 0.388600
Ball hight state[0] = 0.679100
[ERROR][FMI1XML] [Line:20] XML element 'RealType' cannot be placed inside 'ScalarVariable', skipping
[ERROR][FMI1XML] [Line:20] XML element 'Integer' cannot be placed after element 'Real', skipping
[ERROR][FMI1XML] DirectDependency XML element cannot be defined for 'HIGHT_SPEED_ALIAS' since causality is not output. Skipping.
[WARNING][FMI1XML] [Line:26] Skipping nested XML element 'Name'
[VERBOSE][FMI1XML] Checking alias information
[ERROR][FMI1XML] Variables HIGHT_SPEED and HIGHT_SPEED_ALIAS reference the same vr 1. Marking 'HIGHT_SPEED_ALIAS' as alias.
[VERBOSE][FMI1XML] Setting up direct dependencies cross-references
[ERROR][FMI1XML] [Line:44] Multiple instances of XML element 'ModelVariables' are not allowed, skipping
[WARNING][FMI1XML] [Line:45] Skipping nested XML element 'ScalarVariable'
[WARNING][FMI1XML] [Line:46] Skipping nested XML element 'Boolean'
[VERBOSE][FMILIB] Parsing finished successfully
[INFO][FMILIB] Loading 'linux64' binary with 'standard32' platform types
[VERBOSE][FMICAPI] Loaded FMU binary from /home/robbr48/h/Dependencies/FMILibrary-2.0.1/build-fmil/Testing/tempfolder/binaries/linux64/BouncingBall.so
[VERBOSE][FMICAPI] Loading functions for the model exchange interface
[VERBOSE][FMILIB] Successfully loaded all the interface functions
[VERBOSE][FMICAPI] Calling fmiGetModelTypesPlatform
[VERBOSE][FMICAPI] Calling fmiInstantiateModel
[VERBOSE][FMICAPI] Calling fmiInitialize
[INFO][Test ME model instance] [INFO][FMU status:OK] ### Initializing component ###
[INFO][Test ME model instance] [INFO][FMU status:OK] Init HIGHT=1
[INFO][Test ME model instance] [INFO][FMU status:OK] Init HIGHT_SPEED=4
[INFO][Test ME model instance] [INFO][FMU status:OK] Init GRAVITY=-9.81
[INFO][Test ME model instance] [INFO][FMU status:OK] Init BOUNCE_COF=0.5
[WARNING][LOGGER] Expected value reference in log message here: '[ERROR][FMU status:OK] Bad reference: '
[INFO][Test ME model instance] [ERROR][FMU status:OK] Bad reference: #r-1#
[WARNING][LOGGER] Expected terminating '#' in log message here: '[ERROR][FMU status:OK] Bad reference: 1'
[INFO][Test ME model instance] [ERROR][FMU status:OK] Bad reference: #r1
[WARNING][LOGGER] Expected type specification character 'r', 'i', 'b' or 's' in log message here: '[ERROR][FMU status:OK] Bad reference: '
[INFO][Test ME model instance] [ERROR][FMU status:OK] Bad reference: #t1#
[WARNING][LOGGER] Could not find variable referenced in log message here: '[ERROR][FMU status:OK] Bad reference: 10'
[INFO][Test ME model instance] [ERROR][FMU status:OK] Bad reference: #r10#
[VERBOSE][FMICAPI] Calling fmiFreeModelInstance
[VERBOSE][FMILIB] Allocating FMIL context
[VERBOSE][FMILIB] Parsing model description XML
[VERBOSE][FMI1XML] Parsing XML element fmiModelDescription
[VERBOSE][FMI1XML] Parsing XML element TypeDefinitions
[VERBOSE][FMI1XML] Parsing XML element ModelVariables
[ERROR][FMI1XML] [Line:20] XML element 'RealType' cannot be placed inside 'ScalarVariable', skipping
[ERROR][FMI1XML] [Line:20] XML element 'Integer' cannot be placed after element 'Real', skipping
[ERROR][FMI1XML] DirectDependency XML element cannot be defined for 'HIGHT_SPEED_ALIAS' since causality is not output. Skipping.
[WARNING][FMI1XML] [Line:26] Skipping nested XML element 'Name'
[VERBOSE][FMI1XML] Checking alias information
[ERROR][FMI1XML] Variables HIGHT_SPEED and HIGHT_SPEED_ALIAS reference the same vr 1. Marking 'HIGHT_SPEED_ALIAS' as alias.
[VERBOSE][FMI1XML] Setting up direct dependencies cross-references
[ERROR][FMI1XML] [Line:44] Multiple instances of XML element 'ModelVariables' are not allowed, skipping
[WARNING][FMI1XML] [Line:45] Skipping nested XML element 'ScalarVariable'
[WARNING][FMI1XML] [Line:46] Skipping nested XML element 'Boolean'
[VERBOSE][FMILIB] Parsing finished successfully
[INFO][FMILIB] Loading 'linux64' binary with 'standard32' platform types
[VERBOSE][FMICAPI] Loaded FMU binary from /home/robbr48/h/Dependencies/FMILibrary-2.0.1/build-fmil/Testing/tempfolder/binaries/linux64/BouncingBall.so
[VERBOSE][FMICAPI] Loading functions for the model exchange interface
[VERBOSE][FMILIB] Successfully loaded all the interface functions
[VERBOSE][FMICAPI] Calling fmiGetModelTypesPlatform
[VERBOSE][FMICAPI] Calling fmiInstantiateModel
[VERBOSE][FMICAPI] Calling fmiInitialize
[INFO][Test ME model instance] [INFO][FMU status:OK] ### Initializing component ###
[INFO][Test ME model instance] [INFO][FMU status:OK] Init HIGHT=1
[INFO][Test ME model instance] [INFO][FMU status:OK] Init HIGHT_SPEED=4
[INFO][Test ME model instance] [INFO][FMU status:OK] Init GRAVITY=-9.81
[INFO][Test ME model instance] [INFO][FMU status:OK] Init BOUNCE_COF=0.5
[WARNING][LOGGER] Expected value reference in log message here: '[ERROR][FMU status:OK] Bad reference: '
[INFO][Test ME model instance] [ERROR][FMU status:OK] Bad reference: #r-1#
[WARNING][LOGGER] Expected terminating '#' in log message here: '[ERROR][FMU status:OK] Bad reference: 1'
[INFO][Test ME model instance] [ERROR][FMU status:OK] Bad reference: #r1
[WARNING][LOGGER] Expected type specification character 'r', 'i', 'b' or 's' in log message here: '[ERROR][FMU status:OK] Bad reference: '
[INFO][Test ME model instance] [ERROR][FMU status:OK] Bad reference: #t1#
[WARNING][LOGGER] Could not find variable referenced in log message here: '[ERROR][FMU status:OK] Bad reference: 10'
[INFO][Test ME model instance] [ERROR][FMU status:OK] Bad reference: #r10#
[VERBOSE][FMICAPI] Calling fmiFreeModelInstance
[VERBOSE][FMILIB] Allocating FMIL context
[VERBOSE][FMILIB] Parsing model description XML
[VERBOSE][FMI1XML] Parsing XML element fmiModelDescription
[VERBOSE][FMI1XML] Parsing XML element TypeDefinitions
[VERBOSE][FMI1XML] Parsing XML element ModelVariables
[ERROR][FMI1XML] [Line:20] XML element 'RealType' cannot be placed inside 'ScalarVariable', skipping
[ERROR][FMI1XML] [Line:20] XML element 'Integer' cannot be placed after element 'Real', skipping
[ERROR][FMI1XML] DirectDependency XML element cannot be defined for 'HIGHT_SPEED_ALIAS' since causality is not output. Skipping.
[WARNING][FMI1XML] [Line:26] Skipping nested XML element 'Name'
[VERBOSE][FMI1XML] Checking alias information
[ERROR][FMI1XML] Variables HIGHT_SPEED and HIGHT_SPEED_ALIAS reference the same vr 1. Marking 'HIGHT_SPEED_ALIAS' as alias.
[VERBOSE][FMI1XML] Setting up direct dependencies cross-references
[ERROR][FMI1XML] [Line:44] Multiple instances of XML element 'ModelVariables' are not allowed, skipping
[WARNING][FMI1XML] [Line:45] Skipping nested XML element 'ScalarVariable'
[WARNING][FMI1XML] [Line:46] Skipping nested XML element 'Boolean'
[VERBOSE][FMILIB] Parsing finished successfully
[INFO][FMILIB] Loading 'linux64' binary with 'standard32' platform types
[VERBOSE][FMICAPI] Loaded FMU binary from /home/robbr48/h/Dependencies/FMILibrary-2.0.1/build-fmil/Testing/tempfolder/binaries/linux64/BouncingBall.so
[VERBOSE][FMICAPI] Loading functions for the model exchange interface
[VERBOSE][FMILIB] Successfully loaded all the interface functions
[VERBOSE][FMICAPI] Calling fmiGetModelTypesPlatform
[VERBOSE][FMICAPI] Calling fmiInstantiateModel
[VERBOSE][FMICAPI] Calling fmiInitialize
[INFO][Test ME model instance] [INFO][FMU status:OK] ### Initializing component ###
[INFO][Test ME model instance] [INFO][FMU status:OK] Init HIGHT=1
[INFO][Test ME model instance] [INFO][FMU status:OK] Init HIGHT_SPEED=4
[INFO][Test ME model instance] [INFO][FMU status:OK] Init GRAVITY=-9.81
[INFO][Test ME model instance] [INFO][FMU status:OK] Init BOUNCE_COF=0.5
[WARNING][LOGGER] Expected value reference in log message here: '[ERROR][FMU status:OK] Bad reference: '
[INFO][Test ME model instance] [ERROR][FMU status:OK] Bad reference: #r-1#
[WARNING][LOGGER] Expected terminating '#' in log message here: '[ERROR][FMU status:OK] Bad reference: 1'
[INFO][Test ME model instance] [ERROR][FMU status:OK] Bad reference: #r1
[WARNING][LOGGER] Expected type specification character 'r', 'i', 'b' or 's' in log message here: '[ERROR][FMU status:OK] Bad reference: '
[INFO][Test ME model instance] [ERROR][FMU status:OK] Bad reference: #t1#
[WARNING][LOGGER] Could not find variable referenced in log message here: '[ERROR][FMU status:OK] Bad reference: 10'
[INFO][Test ME model instance] [ERROR][FMU status:OK] Bad reference: #r10#
[VERBOSE][FMICAPI] Calling fmiFreeModelInstance
[VERBOSE][FMILIB] Allocating FMIL context
[VERBOSE][FMILIB] Parsing model description XML
[VERBOSE][FMI1XML] Parsing XML element fmiModelDescription
[VERBOSE][FMI1XML] Parsing XML element TypeDefinitions
[VERBOSE][FMI1XML] Parsing XML element ModelVariables
[ERROR][FMI1XML] [Line:20] XML element 'RealType' cannot be placed inside 'ScalarVariable', skipping
[ERROR][FMI1XML] [Line:20] XML element 'Integer' cannot be placed after element 'Real', skipping
[ERROR][FMI1XML] DirectDependency XML element cannot be defined for 'HIGHT_SPEED_ALIAS' since causality is not output. Skipping.
[WARNING][FMI1XML] [Line:26] Skipping nested XML element 'Name'
[VERBOSE][FMI1XML] Checking alias information
[ERROR][FMI1XML] Variables HIGHT_SPEED and HIGHT_SPEED_ALIAS reference the same vr 1. Marking 'HIGHT_SPEED_ALIAS' as alias.
[VERBOSE][FMI1XML] Setting up direct dependencies cross-references
[ERROR][FMI1XML] [Line:44] Multiple instances of XML element 'ModelVariables' are not allowed, skipping
[WARNING][FMI1XML] [Line:45] Skipping nested XML element 'ScalarVariable'
[WARNING][FMI1XML] [Line:46] Skipping nested XML element 'Boolean'
[VERBOSE][FMILIB] Parsing finished successfully
[INFO][FMILIB] Loading 'linux64' binary with 'standard32' platform types
[VERBOSE][FMICAPI] Loaded FMU binary from /home/robbr48/h/Dependencies/FMILibrary-2.0.1/build-fmil/Testing/tempfolder/binaries/linux64/BouncingBall.so
[VERBOSE][FMICAPI] Loading functions for the model exchange interface
[VERBOSE][FMILIB] Successfully loaded all the interface functions
[VERBOSE][FMICAPI] Calling fmiGetModelTypesPlatform
[VERBOSE][FMICAPI] Calling fmiInstantiateModel
[VERBOSE][FMICAPI] Calling fmiInitialize
[INFO][Test ME model instance] [INFO][FMU status:OK] ### Initializing component ###
[INFO][Test ME model instance] [INFO][FMU status:OK] Init HIGHT=1
[INFO][Test ME model instance] [INFO][FMU status:OK] Init HIGHT_SPEED=4
[INFO][Test ME model instance] [INFO][FMU status:OK] Init GRAVITY=-9.81
[INFO][Test ME model instance] [INFO][FMU status:OK] Init BOUNCE_COF=0.5
[WARNING][LOGGER] Expected value reference in log message here: '[ERROR][FMU status:OK] Bad reference: '
[INFO][Test ME model instance] [ERROR][FMU status:OK] Bad reference: #r-1#
[WARNING][LOGGER] Expected terminating '#' in log message here: '[ERROR][FMU status:OK] Bad reference: 1'
[INFO][Test ME model instance] [ERROR][FMU status:OK] Bad reference: #r1
[WARNING][LOGGER] Expected type specification character 'r', 'i', 'b' or 's' in log message here: '[ERROR][FMU status:OK] Bad reference: '
[INFO][Test ME model instance] [ERROR][FMU status:OK] Bad reference: #t1#
[WARNING][LOGGER] Could not find variable referenced in log message here: '[ERROR][FMU status:OK] Bad reference: 10'
[INFO][Test ME model instance] [ERROR][FMU status:OK] Bad reference: #r10#
[VERBOSE][FMICAPI] Calling fmiFreeModelInstance
[VERBOSE][FMILIB] Allocating FMIL context
[VERBOSE][FMILIB] Parsing model description XML
[VERBOSE][FMI1XML] Parsing XML element fmiModelDescription
[VERBOSE][FMI1XML] Parsing XML element TypeDefinitions
[VERBOSE][FMI1XML] Parsing XML element ModelVariables
[ERROR][FMI1XML] [Line:20] XML element 'RealType' cannot be placed inside 'ScalarVariable', skipping
[ERROR][FMI1XML] [Line:20] XML element 'Integer' cannot be placed after element 'Real', skipping
[ERROR][FMI1XML] DirectDependency XML element cannot be defined for 'HIGHT_SPEED_ALIAS' since causality is not output. Skipping.
[WARNING][FMI1XML] [Line:26] Skipping nested XML element 'Name'
[VERBOSE][FMI1XML] Checking alias information
[ERROR][FMI1XML] Variables HIGHT_SPEED and HIGHT_SPEED_ALIAS reference the same vr 1. Marking 'HIGHT_SPEED_ALIAS' as alias.
[VERBOSE][FMI1XML] Setting up direct dependencies cross-references
[ERROR][FMI1XML] [Line:44] Multiple instances of XML element 'ModelVariables' are not allowed, skipping
[WARNING][FMI1XML] [Line:45] Skipping nested XML element 'ScalarVariable'
[WARNING][FMI1XML] [Line:46] Skipping nested XML element 'Boolean'
[VERBOSE][FMILIB] Parsing finished successfully
[INFO][FMILIB] Loading 'linux64' binary with 'standard32' platform types
[VERBOSE][FMICAPI] Loaded FMU binary from /home/robbr48/h/Dependencies/FMILibrary-2.0.1/build-fmil/Testing/tempfolder/binaries/linux64/BouncingBall.so
[VERBOSE][FMICAPI] Loading functions for the model exchange interface
[VERBOSE][FMILIB] Successfully loaded all the interface functions
[VERBOSE][FMICAPI] Calling fmiGetModelTypesPlatform
[VERBOSE][FMICAPI] Calling fmiInstantiateModel
[VERBOSE][FMICAPI] Calling fmiInitialize
[INFO][Test ME model instance] [INFO][FMU status:OK] ### Initializing component ###
[INFO][Test ME model instance] [INFO][FMU status:OK] Init HIGHT=1
[INFO][Test ME model instance] [INFO][FMU status:OK] Init HIGHT_SPEED=4
[INFO][Test ME model instance] [INFO][FMU status:OK] Init GRAVITY=-9.81
[INFO][Test ME model instance] [INFO][FMU status:OK] Init BOUNCE_COF=0.5
[WARNING][LOGGER] Expected value reference in log message here: '[ERROR][FMU status:OK] Bad reference: '
[INFO][Test ME model instance] [ERROR][FMU status:OK] Bad reference: #r-1#
[WARNING][LOGGER] Expected terminating '#' in log message here: '[ERROR][FMU status:OK] Bad reference: 1'
[INFO][Test ME model instance] [ERROR][FMU status:OK] Bad reference: #r1
[WARNING][LOGGER] Expected type specification character 'r', 'i', 'b' or 's' in log message here: '[ERROR][FMU status:OK] Bad reference: '
[INFO][Test ME model instance] [ERROR][FMU status:OK] Bad reference: #t1#
[WARNING][LOGGER] Could not find variable referenced in log message here: '[ERROR][FMU status:OK] Bad reference: 10'
[INFO][Test ME model instance] [ERROR][FMU status:OK] Bad reference: #r10#
Ball hight state[0] = 0.871500
Ball hight state[0] = 0.965800
Ball hight state[0] = 0.962000
Ball hight state[0] = 0.860100
Ball hight state[0] = 0.660100
Ball hight state[0] = 0.362000
Everything seems to be OK since you got this far=)!
Version returned from FMU:   1.0
Platform type returned:      standard32
fmi1_import_set_debug_logging:  OK
Ball hight state[0] = 1.400000
Ball hight state[0] = 1.701900
Ball hight state[0] = 1.905700
Ball hight state[0] = 2.011400
Ball hight state[0] = 2.019000
Ball hight state[0] = 1.928500
Ball hight state[0] = 1.739900
Ball hight state[0] = 1.453200
Ball hight state[0] = 1.068400
Ball hight state[0] = 0.585500
Ball hight state[0] = 0.004500
Ball hight state[0] = -0.674600
Ball hight state[0] = 0.388600
Ball hight state[0] = 0.679100
Ball hight state[0] = 0.871500
Ball hight state[0] = 0.965800
Ball hight state[0] = 0.962000
Ball hight state[0] = 0.860100
Ball hight state[0] = 0.660100
Ball hight state[0] = 0.362000
Everything seems to be OK since you got this far=)!
Version returned from FMU:   1.0
[VERBOSE][FMICAPI] Calling fmiFreeModelInstance
[VERBOSE][FMILIB] Allocating FMIL context
[VERBOSE][FMILIB] Parsing model description XML
Platform type returned:      standard32
fmi1_import_set_debug_logging:  OK
Ball hight state[0] = 1.400000
Ball hight state[0] = 1.701900
Ball hight state[0] = 1.905700
Ball hight state[0] = 2.011400
Ball hight state[0] = 2.019000
Ball hight state[0] = 1.928500
Ball hight state[0] = 1.739900
Ball hight state[0] = 1.453200
Ball hight state[0] = 1.068400
Ball hight state[0] = 0.585500
Ball hight state[0] = 0.004500
Ball hight state[0] = -0.674600
Ball hight state[0] = 0.388600
Ball hight state[0] = 0.679100
Ball hight state[0] = 0.871500
Ball hight state[0] = 0.965800
Ball hight state[0] = 0.962000
Ball hight state[0] = 0.860100
Ball hight state[0] = 0.660100
Ball hight state[0] = 0.362000
Everything seems to be OK since you got this far=)!
Version returned from FMU:   1.0
Platform type returned:      standard32
fmi1_import_set_debug_logging:  OK
Ball hight state[0] = 1.400000
Ball hight state[0] = 1.701900
Ball hight state[0] = 1.905700
Ball hight state[0] = 2.011400
Ball hight state[0] = 2.019000
Ball hight state[0] = 1.928500
Ball hight state[0] = 1.739900
Ball hight state[0] = 1.453200
Ball hight state[0] = 1.068400
Ball hight state[0] = 0.585500
Ball hight state[0] = 0.004500
Ball hight state[0] = -0.674600
Ball hight state[0] = 0.388600
Ball hight state[0] = 0.679100
Ball hight state[0] = 0.871500
Ball hight state[0] = 0.965800
Ball hight state[0] = 0.962000
Ball hight state[0] = 0.860100
Ball hight state[0] = 0.660100
Ball hight state[0] = 0.362000
Everything seems to be OK since you got this far=)!
Version returned from FMU:   1.0
Platform type returned:      standard32
fmi1_import_set_debug_logging:  OK
Ball hight state[0] = 1.400000
Ball hight state[0] = 1.701900
Ball hight state[0] = 1.905700
Ball hight state[0] = 2.011400
Ball hight state[0] = 2.019000
Ball hight state[0] = 1.928500
Ball hight state[0] = 1.739900
Ball hight state[0] = 1.453200
Ball hight state[0] = 1.068400
Ball hight state[0] = 0.585500
Ball hight state[0] = 0.004500
Ball hight state[0] = -0.674600
Ball hight state[0] = 0.388600
[VERBOSE][FMI1XML] Parsing XML element fmiModelDescription
[...]
[VERBOSE][FMI2XML] Parsing XML element DiscreteStates
[VERBOSE][FMI2XML] Parsing XML element InitialUnknowns
[VERBOSE][FMILIB] Parsing finished successfully
[INFO][FMILIB] Loading 'linux64' binary with 'default' platform types
[VERBOSE][FMICAPI] Loaded FMU binary from /home/robbr48/h/Dependencies/FMILibrary-2.0.1/build-fmil/Testing/tempfolder/binaries/linux64/BouncingBall2.so
[VERBOSE][FMICAPI] Loading functions for the model exchange interface
[VERBOSE][FMILIB] Successfully loaded all the interface functions
[VERBOSE][FMICAPI] Calling fmi2GetModelTypesPlatform
[VERBOSE][FMICAPI] Calling fmi2SetupExperiment
[VERBOSE][FMICAPI] Calling fmi2EnterInitializationMode
[INFO][Test ME model instance] [INFO][FMU status:OK] ### Initializing component ###
[INFO][Test ME model instance] [INFO][FMU status:OK] Init HIGHT=1
[INFO][Test ME model instance] [INFO][FMU status:OK] Init HIGHT_SPEED=4
[INFO][Test ME model instance] [INFO][FMU status:OK] Init GRAVITY=-9.81
[INFO][Test ME model instance] [INFO][FMU status:OK] Init BOUNCE_COF=0.5
[VERBOSE][FMICAPI] Calling fmi2ExitInitializationMode
[VERBOSE][FMICAPI] Calling fmi2NewDiscreteStates
[VERBOSE][FMICAPI] Calling fmi2EnterContinuousTimeMode
[VERBOSE][FMICAPI] Calling fmi2EnterEventMode
[VERBOSE][FMICAPI] Calling fmi2NewDiscreteStates
[VERBOSE][FMICAPI] Calling fmi2EnterContinuousTimeMode
[VERBOSE][FMILIB] Releasing FMU CAPI interface
[VERBOSE][FMICAPI] Successfully unloaded FMU binary
[VERBOSE][FMILIB] Releasing allocated library resources
Version returned from FMU:   2.0
Platform type returned:      default
fmi2_import_set_debug_logging:  OK
Ball height state[0] = 1.400000
Ball height state[0] = 1.701900
Ball height state[0] = 1.905700
Ball height state[0] = 2.011400
Ball height state[0] = 2.019000
Ball height state[0] = 1.928500
Ball height state[0] = 1.739900
Ball height state[0] = 1.453200
Ball height state[0] = 1.068400
Ball height state[0] = 0.585500
Ball height state[0] = 0.004500
Ball height state[0] = -0.674600
Ball height state[0] = 0.388600
Ball height state[0] = 0.679100
Ball height state[0] = 0.871500
Ball height state[0] = 0.965800
Ball height state[0] = 0.962000
Ball height state[0] = 0.860100
Ball height state[0] = 0.660100
Ball height state[0] = 0.362000
Everything seems to be OK since you got this far=)!
Press 'Enter' to exit
<end of output>
Test time =   0.00 sec
----------------------------------------------------------
Test Passed.
"ctest_fmi2_import_test_me" end time: Feb 03 09:52 CET
"ctest_fmi2_import_test_me" time elapsed: 00:00:00
----------------------------------------------------------

19/24 Testing: ctest_fmi2_import_test_cs
19/24 Test: ctest_fmi2_import_test_cs
Command: "/home/robbr48/h/Dependencies/FMILibrary-2.0.1/build-fmil/fmi2_import_cs_test" "/home/robbr48/h/Dependencies/FMILibrary-2.0.1/build-fmil/Testing/BouncingBall2_cs.fmu" "/home/robbr48/h/Dependencies/FMILibrary-2.0.1/build-fmil/Testing/tempfolder"
Directory: /home/robbr48/h/Dependencies/FMILibrary-2.0.1/build-fmil
"ctest_fmi2_import_test_cs" start time: Feb 03 09:52 CET
Output:
----------------------------------------------------------
argv[0] = /home/robbr48/h/Dependencies/FMILibrary-2.0.1/build-fmil/fmi2_import_cs_test
argv[1] = /home/robbr48/h/Dependencies/FMILibrary-2.0.1/build-fmil/Testing/BouncingBall2_cs.fmu
argv[2] = /home/robbr48/h/Dependencies/FMILibrary-2.0.1/build-fmil/Testing/tempfolder
module = FMILIB, log level = VERBOSE: Allocating FMIL context
module = FMILIB, log level = VERBOSE: Detecting FMI standard version
module = FMIZIP, log level = VERBOSE: Unpacking FMU into /home/robbr48/h/Dependencies/FMILibrary-2.0.1/build-fmil/Testing/tempfolder
module = FMIXML, log level = VERBOSE: Parsing XML to detect FMI standard version
module = FMIXML, log level = VERBOSE: XML specifies FMI 2.0
module = FMILIB, log level = INFO: XML specifies FMI standard version 2.0
module = FMILIB, log level = VERBOSE: Parsing model description XML
module = FMI2XML, log level = VERBOSE: Parsing XML element fmiModelDescription
module = FMI2XML, log level = VERBOSE: Parsing XML element CoSimulation
module = FMI2XML, log level = VERBOSE: Parsing XML element ModelVariables
module = FMI2XML, log level = VERBOSE: Building alias index
module = FMI2XML, log level = VERBOSE: Variables HIGHT_SPEED and HIGHT_SPEED alias reference the same vr 1. Marking 'HIGHT_SPEED alias' as alias.
module = FMI2XML, log level = VERBOSE: Parsing XML element ModelStructure
module = FMILIB, log level = VERBOSE: Parsing finished successfully
module = FMILIB, log level = INFO: Loading 'linux64' binary with 'default' platform types
module = FMICAPI, log level = VERBOSE: Loaded FMU binary from /home/robbr48/h/Dependencies/FMILibrary-2.0.1/build-fmil/Testing/tempfolder/binaries/linux64/BouncingBall2.so
module = FMICAPI, log level = VERBOSE: Loading functions for the co-simulation interface
module = FMILIB, log level = VERBOSE: Successfully loaded all the interface functions
Version returned from FMU:   2.0
module = FMICAPI, log level = VERBOSE: Calling fmi2GetModelTypesPlatform
Platform type returned:      default
GUID:      123
module = FMICAPI, log level = VERBOSE: Calling fmi2SetupExperiment
module = FMICAPI, log level = VERBOSE: Calling fmi2EnterInitializationMode
module = Test CS model instance, log level = INFO: [INFO][FMU status:OK] ### Initializing component ###
module = Test CS model instance, log level = INFO: [INFO][FMU status:OK] Init HIGHT=1
module = Test CS model instance, log level = INFO: [INFO][FMU status:OK] Init HIGHT_SPEED=4
module = Test CS model instance, log level = INFO: [INFO][FMU status:OK] Init GRAVITY=-9.81
module = Test CS model instance, log level = INFO: [INFO][FMU status:OK] Init BOUNCE_COF=0.5
module = FMICAPI, log level = VERBOSE: Calling fmi2ExitInitializationMode
Ball height Ball speed
   1.35586      3.019
   1.61361      2.038
   1.77326      1.057
   1.83482      0.076
   1.79827     -0.905
   1.66363     -1.886
   1.43089     -2.867
   1.10004     -3.848
  0.671095     -4.829
   0.14405      -5.81
  0.193049    2.36545
  0.385449    1.38445
  0.479749    0.40345
  0.475949   -0.57755
  0.374049   -1.55855
  0.174049   -2.53955
 0.0454508    1.31883
  0.133188   0.337825
  0.122826  -0.643175
 0.0143633   -1.62417
Simulation finished. Checking results
module = FMILIB, log level = VERBOSE: Releasing FMU CAPI interface
module = FMICAPI, log level = VERBOSE: Successfully unloaded FMU binary
module = FMILIB, log level = VERBOSE: Releasing allocated library resources
Everything seems to be OK since you got this far=)!
Press 'Enter' to exit
<end of output>
Test time =   0.00 sec
----------------------------------------------------------
Test Passed.
"ctest_fmi2_import_test_cs" end time: Feb 03 09:52 CET
"ctest_fmi2_import_test_cs" time elapsed: 00:00:00
----------------------------------------------------------

20/24 Testing: ctest_fmi_import_test_no_xml
20/24 Test: ctest_fmi_import_test_no_xml
Command: "/home/robbr48/h/Dependencies/FMILibrary-2.0.1/build-fmil/fmi_import_test" "/home/robbr48/h/Dependencies/FMILibrary-2.0.1/Test/try_to_uncompress_this_file.zip" "/home/robbr48/h/Dependencies/FMILibrary-2.0.1/build-fmil/Testing"
Directory: /home/robbr48/h/Dependencies/FMILibrary-2.0.1/build-fmil
"ctest_fmi_import_test_no_xml" start time: Feb 03 09:52 CET
Output:
----------------------------------------------------------
module = FMILIB, log level = 5: Allocating FMIL context
module = FMILIB, log level = 5: Detecting FMI standard version
module = FMIZIP, log level = 5: Unpacking FMU into /home/robbr48/h/Dependencies/FMILibrary-2.0.1/build-fmil/Testing
module = FMIXML, log level = 5: Parsing XML to detect FMI standard version
module = FMIXML, log level = 1: Cannot open file '/home/robbr48/h/Dependencies/FMILibrary-2.0.1/build-fmil/Testing/modelDescription.xml' for parsing
module = FMILIB, log level = 4: XML specifies FMI standard version unknown
Only versions 1.0 and 2.0 are supported so far
Press 'Enter' to exit
<end of output>
Test time =   0.00 sec
----------------------------------------------------------
Test Passed.
"ctest_fmi_import_test_no_xml" end time: Feb 03 09:52 CET
"ctest_fmi_import_test_no_xml" time elapsed: 00:00:00
----------------------------------------------------------

21/24 Testing: ctest_fmi_import_test_me_1
21/24 Test: ctest_fmi_import_test_me_1
Command: "/home/robbr48/h/Dependencies/FMILibrary-2.0.1/build-fmil/fmi_import_test" "/home/robbr48/h/Dependencies/FMILibrary-2.0.1/build-fmil/Testing/BouncingBall_me.fmu" "/home/robbr48/h/Dependencies/FMILibrary-2.0.1/build-fmil/Testing/tempfolder"
Directory: /home/robbr48/h/Dependencies/FMILibrary-2.0.1/build-fmil
"ctest_fmi_import_test_me_1" start time: Feb 03 09:52 CET
Output:
----------------------------------------------------------
module = FMILIB, log level = 5: Allocating FMIL context
module = FMILIB, log level = 5: Detecting FMI standard version
module = FMIZIP, log level = 5: Unpacking FMU into /home/robbr48/h/Dependencies/FMILibrary-2.0.1/build-fmil/Testing/tempfolder
module = FMIXML, log level = 5: Parsing XML to detect FMI standard version
module = FMIXML, log level = 5: XML specifies FMI 1.0
module = FMILIB, log level = 4: XML specifies FMI standard version 1.0
module = FMILIB, log level = 5: Parsing model description XML
module = FMI1XML, log level = 5: Parsing XML element fmiModelDescription
module = FMI1XML, log level = 5: Parsing XML element TypeDefinitions
module = FMI1XML, log level = 5: Parsing XML element ModelVariables
module = FMI1XML, log level = 2: [Line:20] XML element 'RealType' cannot be placed inside 'ScalarVariable', skipping
module = FMI1XML, log level = 2: [Line:20] XML element 'Integer' cannot be placed after element 'Real', skipping
module = FMI1XML, log level = 2: DirectDependency XML element cannot be defined for 'HIGHT_SPEED_ALIAS' since causality is not output. Skipping.
module = FMI1XML, log level = 3: [Line:26] Skipping nested XML element 'Name'
module = FMI1XML, log level = 5: Checking alias information
module = FMI1XML, log level = 2: Variables HIGHT_SPEED and HIGHT_SPEED_ALIAS reference the same vr 1. Marking 'HIGHT_SPEED_ALIAS' as alias.
module = FMI1XML, log level = 5: Setting up direct dependencies cross-references
module = FMI1XML, log level = 2: [Line:44] Multiple instances of XML element 'ModelVariables' are not allowed, skipping
module = FMI1XML, log level = 3: [Line:45] Skipping nested XML element 'ScalarVariable'
module = FMI1XML, log level = 3: [Line:46] Skipping nested XML element 'Boolean'
module = FMILIB, log level = 5: Parsing finished successfully
Model name: BouncingBall
Model identifier: BouncingBall
Model GUID: 123
module = FMILIB, log level = 4: Loading 'linux64' binary with 'standard32' platform types
module = FMICAPI, log level = 5: Loaded FMU binary from /home/robbr48/h/Dependencies/FMILibrary-2.0.1/build-fmil/Testing/tempfolder/binaries/linux64/BouncingBall.so
module = FMICAPI, log level = 5: Loading functions for the model exchange interface
module = FMILIB, log level = 5: Successfully loaded all the interface functions
Version returned from FMU:   1.0
module = FMILIB, log level = 5: Releasing FMU CAPI interface
module = FMICAPI, log level = 5: Successfully unloaded FMU binary
module = FMILIB, log level = 5: Releasing allocated library resources
Everything seems to be OK since you got this far=)!
Press 'Enter' to exit
<end of output>
Test time =   0.00 sec
----------------------------------------------------------
Test Passed.
"ctest_fmi_import_test_me_1" end time: Feb 03 09:52 CET
"ctest_fmi_import_test_me_1" time elapsed: 00:00:00
----------------------------------------------------------

22/24 Testing: ctest_fmi_import_test_cs_1
22/24 Test: ctest_fmi_import_test_cs_1
Command: "/home/robbr48/h/Dependencies/FMILibrary-2.0.1/build-fmil/fmi_import_test" "/home/robbr48/h/Dependencies/FMILibrary-2.0.1/build-fmil/Testing/BouncingBall_cs.fmu" "/home/robbr48/h/Dependencies/FMILibrary-2.0.1/build-fmil/Testing/tempfolder"
Directory: /home/robbr48/h/Dependencies/FMILibrary-2.0.1/build-fmil
"ctest_fmi_import_test_cs_1" start time: Feb 03 09:52 CET
Output:
----------------------------------------------------------
module = FMILIB, log level = 5: Allocating FMIL context
module = FMILIB, log level = 5: Detecting FMI standard version
module = FMIZIP, log level = 5: Unpacking FMU into /home/robbr48/h/Dependencies/FMILibrary-2.0.1/build-fmil/Testing/tempfolder
module = FMIXML, log level = 5: Parsing XML to detect FMI standard version
module = FMIXML, log level = 5: XML specifies FMI 1.0
module = FMILIB, log level = 4: XML specifies FMI standard version 1.0
module = FMILIB, log level = 5: Parsing model description XML
module = FMI1XML, log level = 5: Parsing XML element fmiModelDescription
module = FMI1XML, log level = 5: Parsing XML element ModelVariables
module = FMI1XML, log level = 5: Checking alias information
module = FMI1XML, log level = 5: Setting up direct dependencies cross-references
module = FMI1XML, log level = 4: Processing implementation element (co-simulation FMU detected)
module = FMILIB, log level = 5: Parsing finished successfully
Model name: BouncingBall
Model identifier: BouncingBall
Model GUID: 123
module = FMILIB, log level = 4: Loading 'linux64' binary with 'standard32' platform types
module = FMICAPI, log level = 5: Loaded FMU binary from /home/robbr48/h/Dependencies/FMILibrary-2.0.1/build-fmil/Testing/tempfolder/binaries/linux64/BouncingBall.so
module = FMICAPI, log level = 5: Loading functions for the co-simulation interface
module = FMILIB, log level = 5: Successfully loaded all the interface functions
Version returned from FMU:   1.0
module = FMILIB, log level = 5: Releasing FMU CAPI interface
module = FMICAPI, log level = 5: Successfully unloaded FMU binary
module = FMILIB, log level = 5: Releasing allocated library resources
Everything seems to be OK since you got this far=)!
Press 'Enter' to exit
<end of output>
Test time =   0.00 sec
----------------------------------------------------------
Test Passed.
"ctest_fmi_import_test_cs_1" end time: Feb 03 09:52 CET
"ctest_fmi_import_test_cs_1" time elapsed: 00:00:00
----------------------------------------------------------

23/24 Testing: ctest_fmi_import_test_me_2
23/24 Test: ctest_fmi_import_test_me_2
Command: "/home/robbr48/h/Dependencies/FMILibrary-2.0.1/build-fmil/fmi_import_test" "/home/robbr48/h/Dependencies/FMILibrary-2.0.1/build-fmil/Testing/BouncingBall2_me.fmu" "/home/robbr48/h/Dependencies/FMILibrary-2.0.1/build-fmil/Testing/tempfolder"
Directory: /home/robbr48/h/Dependencies/FMILibrary-2.0.1/build-fmil
"ctest_fmi_import_test_me_2" start time: Feb 03 09:52 CET
Output:
----------------------------------------------------------
module = FMILIB, log level = 5: Allocating FMIL context
module = FMILIB, log level = 5: Detecting FMI standard version
module = FMIZIP, log level = 5: Unpacking FMU into /home/robbr48/h/Dependencies/FMILibrary-2.0.1/build-fmil/Testing/tempfolder
module = FMIXML, log level = 5: Parsing XML to detect FMI standard version
module = FMIXML, log level = 5: XML specifies FMI 2.0
module = FMILIB, log level = 4: XML specifies FMI standard version 2.0
module = FMILIB, log level = 5: Parsing model description XML
module = FMI2XML, log level = 5: Parsing XML element fmiModelDescription
module = FMI2XML, log level = 5: Parsing XML element ModelExchange
module = FMI2XML, log level = 5: Parsing XML element TypeDefinitions
module = FMI2XML, log level = 5: Parsing XML element VendorAnnotations
module = FMI2XML, log level = 5: Parsing XML element ModelVariables
module = FMI2XML, log level = 5: Parsing XML element Annotations
module = FMI2XML, log level = 5: Building alias index
module = FMI2XML, log level = 5: Variables HIGHT_SPEED and HIGHT_SPEED alias reference the same vr 1. Marking 'HIGHT_SPEED alias' as alias.
module = FMI2XML, log level = 5: Parsing XML element ModelStructure
module = FMI2XML, log level = 5: Parsing XML element Outputs
module = FMI2XML, log level = 5: Parsing XML element Derivatives
module = FMI2XML, log level = 5: Parsing XML element DiscreteStates
module = FMI2XML, log level = 5: Parsing XML element InitialUnknowns
module = FMILIB, log level = 5: Parsing finished successfully
Model name: BouncingBall
Model identifier for ME: BouncingBall2
Model GUID: 123
module = FMILIB, log level = 4: Loading 'linux64' binary with 'default' platform types
module = FMICAPI, log level = 5: Loaded FMU binary from /home/robbr48/h/Dependencies/FMILibrary-2.0.1/build-fmil/Testing/tempfolder/binaries/linux64/BouncingBall2.so
module = FMICAPI, log level = 5: Loading functions for the model exchange interface
module = FMILIB, log level = 5: Successfully loaded all the interface functions
Version returned from FMU:   2.0
module = FMILIB, log level = 5: Releasing FMU CAPI interface
module = FMICAPI, log level = 5: Successfully unloaded FMU binary
module = FMILIB, log level = 5: Releasing allocated library resources
Everything seems to be OK since you got this far=)!
Press 'Enter' to exit
<end of output>
Test time =   0.00 sec
----------------------------------------------------------
Test Passed.
"ctest_fmi_import_test_me_2" end time: Feb 03 09:52 CET
"ctest_fmi_import_test_me_2" time elapsed: 00:00:00
----------------------------------------------------------

24/24 Testing: ctest_fmi_import_test_cs_2
24/24 Test: ctest_fmi_import_test_cs_2
Command: "/home/robbr48/h/Dependencies/FMILibrary-2.0.1/build-fmil/fmi_import_test" "/home/robbr48/h/Dependencies/FMILibrary-2.0.1/build-fmil/Testing/BouncingBall2_cs.fmu" "/home/robbr48/h/Dependencies/FMILibrary-2.0.1/build-fmil/Testing/tempfolder"
Directory: /home/robbr48/h/Dependencies/FMILibrary-2.0.1/build-fmil
"ctest_fmi_import_test_cs_2" start time: Feb 03 09:52 CET
Output:
----------------------------------------------------------
module = FMILIB, log level = 5: Allocating FMIL context
module = FMILIB, log level = 5: Detecting FMI standard version
module = FMIZIP, log level = 5: Unpacking FMU into /home/robbr48/h/Dependencies/FMILibrary-2.0.1/build-fmil/Testing/tempfolder
module = FMIXML, log level = 5: Parsing XML to detect FMI standard version
module = FMIXML, log level = 5: XML specifies FMI 2.0
module = FMILIB, log level = 4: XML specifies FMI standard version 2.0
module = FMILIB, log level = 5: Parsing model description XML
module = FMI2XML, log level = 5: Parsing XML element fmiModelDescription
module = FMI2XML, log level = 5: Parsing XML element CoSimulation
module = FMI2XML, log level = 5: Parsing XML element ModelVariables
module = FMI2XML, log level = 5: Building alias index
module = FMI2XML, log level = 5: Variables HIGHT_SPEED and HIGHT_SPEED alias reference the same vr 1. Marking 'HIGHT_SPEED alias' as alias.
module = FMI2XML, log level = 5: Parsing XML element ModelStructure
module = FMILIB, log level = 5: Parsing finished successfully
Model name: BouncingBall
Model identifier for CS: BouncingBall2
Model GUID: 123
module = FMILIB, log level = 4: Loading 'linux64' binary with 'default' platform types
module = FMICAPI, log level = 5: Loaded FMU binary from /home/robbr48/h/Dependencies/FMILibrary-2.0.1/build-fmil/Testing/tempfolder/binaries/linux64/BouncingBall2.so
module = FMICAPI, log level = 5: Loading functions for the co-simulation interface
module = FMILIB, log level = 5: Successfully loaded all the interface functions
Version returned from FMU:   2.0
module = FMILIB, log level = 5: Releasing FMU CAPI interface
module = FMICAPI, log level = 5: Successfully unloaded FMU binary
module = FMILIB, log level = 5: Releasing allocated library resources
Everything seems to be OK since you got this far=)!
Press 'Enter' to exit
<end of output>
Test time =   0.00 sec
----------------------------------------------------------
Test Passed.
"ctest_fmi_import_test_cs_2" end time: Feb 03 09:52 CET
"ctest_fmi_import_test_cs_2" time elapsed: 00:00:00
----------------------------------------------------------

End testing: Feb 03 09:52 CET
